{"D:\\Sources\\vma-grid\\src\\formula\\formulas\\error.ts": {"path":"D:\\Sources\\vma-grid\\src\\formula\\formulas\\error.ts","statementMap":{"0":{"start":{"line":1,"column":33},"end":{"line":1,"column":null}},"1":{"start":{"line":5,"column":0},"end":{"line":5,"column":null}},"2":{"start":{"line":49,"column":10},"end":{"line":49,"column":null}},"3":{"start":{"line":50,"column":4},"end":{"line":51,"column":null}},"4":{"start":{"line":51,"column":6},"end":{"line":51,"column":null}},"5":{"start":{"line":52,"column":4},"end":{"line":57,"column":5}},"6":{"start":{"line":53,"column":11},"end":{"line":53,"column":null}},"7":{"start":{"line":54,"column":6},"end":{"line":54,"column":null}},"8":{"start":{"line":56,"column":11},"end":{"line":56,"column":null}},"9":{"start":{"line":58,"column":9},"end":{"line":58,"column":null}},"10":{"start":{"line":7,"column":4},"end":{"line":7,"column":null}},"11":{"start":{"line":11,"column":4},"end":{"line":11,"column":null}},"12":{"start":{"line":66,"column":4},"end":{"line":66,"column":null}},"13":{"start":{"line":70,"column":4},"end":{"line":70,"column":null}},"14":{"start":{"line":79,"column":4},"end":{"line":79,"column":null}},"15":{"start":{"line":87,"column":4},"end":{"line":87,"column":null}},"16":{"start":{"line":5,"column":6},"end":{"line":14,"column":null}},"17":{"start":{"line":91,"column":0},"end":{"line":91,"column":null}},"18":{"start":{"line":97,"column":0},"end":{"line":97,"column":null}},"19":{"start":{"line":103,"column":0},"end":{"line":103,"column":null}},"20":{"start":{"line":109,"column":0},"end":{"line":109,"column":null}},"21":{"start":{"line":115,"column":0},"end":{"line":115,"column":null}},"22":{"start":{"line":121,"column":0},"end":{"line":121,"column":null}},"23":{"start":{"line":127,"column":0},"end":{"line":127,"column":null}},"24":{"start":{"line":133,"column":0},"end":{"line":133,"column":null}},"25":{"start":{"line":142,"column":2},"end":{"line":142,"column":null}},"26":{"start":{"line":151,"column":2},"end":{"line":151,"column":null}},"27":{"start":{"line":161,"column":2},"end":{"line":163,"column":null}},"28":{"start":{"line":163,"column":44},"end":{"line":163,"column":56}},"29":{"start":{"line":174,"column":49},"end":{"line":174,"column":null}},"30":{"start":{"line":176,"column":15},"end":{"line":176,"column":27}}},"fnMap":{"0":{"name":"(anonymous_24)","decl":{"start":{"line":5,"column":0},"end":{"line":5,"column":6}},"loc":{"start":{"line":5,"column":8},"end":{"line":5,"column":32}}},"1":{"name":"get","decl":{"start":{"line":6,"column":10},"end":{"line":6,"column":13}},"loc":{"start":{"line":6,"column":53},"end":{"line":8,"column":3}}},"2":{"name":"set","decl":{"start":{"line":10,"column":10},"end":{"line":10,"column":14}},"loc":{"start":{"line":10,"column":58},"end":{"line":12,"column":3}}},"3":{"name":"get","decl":{"start":{"line":65,"column":10},"end":{"line":65,"column":11}},"loc":{"start":{"line":65,"column":14},"end":{"line":67,"column":3}}},"4":{"name":"get","decl":{"start":{"line":69,"column":10},"end":{"line":69,"column":13}},"loc":{"start":{"line":69,"column":13},"end":{"line":71,"column":3}}},"5":{"name":"equals","decl":{"start":{"line":78,"column":2},"end":{"line":78,"column":8}},"loc":{"start":{"line":78,"column":19},"end":{"line":80,"column":3}}},"6":{"name":"toString","decl":{"start":{"line":86,"column":2},"end":{"line":86,"column":10}},"loc":{"start":{"line":86,"column":13},"end":{"line":88,"column":3}}},"7":{"name":"(anonymous_35)","decl":{"start":{"line":163,"column":30},"end":{"line":163,"column":31}},"loc":{"start":{"line":163,"column":39},"end":{"line":163,"column":60}}}},"branchMap":{"0":{"loc":{"start":{"line":50,"column":4},"end":{"line":51,"column":null}},"type":"if","locations":[{"start":{"line":50,"column":4},"end":{"line":51,"column":null}}]},"1":{"loc":{"start":{"line":50,"column":8},"end":{"line":50,"column":null}},"type":"binary-expr","locations":[{"start":{"line":50,"column":8},"end":{"line":50,"column":19}},{"start":{"line":50,"column":23},"end":{"line":50,"column":38}},{"start":{"line":50,"column":42},"end":{"line":50,"column":null}}]},"2":{"loc":{"start":{"line":52,"column":4},"end":{"line":57,"column":5}},"type":"if","locations":[{"start":{"line":52,"column":4},"end":{"line":57,"column":5}},{"start":{"line":55,"column":11},"end":{"line":57,"column":5}}]},"3":{"loc":{"start":{"line":52,"column":8},"end":{"line":52,"column":38}},"type":"binary-expr","locations":[{"start":{"line":52,"column":8},"end":{"line":52,"column":19}},{"start":{"line":52,"column":23},"end":{"line":52,"column":38}}]},"4":{"loc":{"start":{"line":79,"column":11},"end":{"line":79,"column":68}},"type":"binary-expr","locations":[{"start":{"line":79,"column":11},"end":{"line":79,"column":42}},{"start":{"line":79,"column":42},"end":{"line":79,"column":68}}]}},"s":{"0":13,"1":13,"2":127,"3":127,"4":21,"5":106,"6":92,"7":92,"8":14,"9":106,"10":11,"11":0,"12":0,"13":10,"14":391,"15":12,"16":13,"17":13,"18":13,"19":13,"20":13,"21":13,"22":13,"23":13,"24":13,"25":0,"26":1,"27":0,"28":0,"29":12,"30":13},"f":{"0":13,"1":11,"2":0,"3":0,"4":10,"5":391,"6":12,"7":0},"b":{"0":[21],"1":[127,113,113],"2":[92,14],"3":[106,92],"4":[391,390]}}
,"D:\\Sources\\vma-grid\\src\\formula\\formulas\\helpers.ts": {"path":"D:\\Sources\\vma-grid\\src\\formula\\formulas\\helpers.ts","statementMap":{"0":{"start":{"line":1,"column":34},"end":{"line":1,"column":null}},"1":{"start":{"line":2,"column":51},"end":{"line":2,"column":null}},"2":{"start":{"line":8,"column":25},"end":{"line":17,"column":1}},"3":{"start":{"line":552,"column":2},"end":{"line":552,"column":null}},"4":{"start":{"line":19,"column":19},"end":{"line":96,"column":1}},"5":{"start":{"line":554,"column":2},"end":{"line":554,"column":null}},"6":{"start":{"line":98,"column":27},"end":{"line":98,"column":29}},"7":{"start":{"line":553,"column":2},"end":{"line":553,"column":null}},"8":{"start":{"line":99,"column":0},"end":{"line":101,"column":null}},"9":{"start":{"line":100,"column":2},"end":{"line":100,"column":null}},"10":{"start":{"line":103,"column":16},"end":{"line":172,"column":1}},"11":{"start":{"line":104,"column":30},"end":{"line":104,"column":null}},"12":{"start":{"line":106,"column":29},"end":{"line":106,"column":null}},"13":{"start":{"line":109,"column":19},"end":{"line":109,"column":25}},"14":{"start":{"line":110,"column":15},"end":{"line":110,"column":null}},"15":{"start":{"line":111,"column":17},"end":{"line":111,"column":18}},"16":{"start":{"line":113,"column":11},"end":{"line":117,"column":5}},"17":{"start":{"line":114,"column":6},"end":{"line":114,"column":null}},"18":{"start":{"line":115,"column":6},"end":{"line":115,"column":null}},"19":{"start":{"line":116,"column":6},"end":{"line":116,"column":null}},"20":{"start":{"line":119,"column":4},"end":{"line":119,"column":null}},"21":{"start":{"line":123,"column":4},"end":{"line":123,"column":null}},"22":{"start":{"line":124,"column":16},"end":{"line":124,"column":33}},"23":{"start":{"line":125,"column":17},"end":{"line":125,"column":18}},"24":{"start":{"line":126,"column":4},"end":{"line":131,"column":5}},"25":{"start":{"line":126,"column":17},"end":{"line":126,"column":18}},"26":{"start":{"line":127,"column":19},"end":{"line":127,"column":null}},"27":{"start":{"line":128,"column":6},"end":{"line":130,"column":7}},"28":{"start":{"line":129,"column":8},"end":{"line":129,"column":51}},"29":{"start":{"line":132,"column":4},"end":{"line":132,"column":null}},"30":{"start":{"line":141,"column":4},"end":{"line":143,"column":5}},"31":{"start":{"line":142,"column":6},"end":{"line":142,"column":null}},"32":{"start":{"line":146,"column":4},"end":{"line":152,"column":null}},"33":{"start":{"line":147,"column":6},"end":{"line":147,"column":null}},"34":{"start":{"line":148,"column":6},"end":{"line":148,"column":null}},"35":{"start":{"line":149,"column":11},"end":{"line":152,"column":null}},"36":{"start":{"line":150,"column":6},"end":{"line":150,"column":null}},"37":{"start":{"line":151,"column":6},"end":{"line":151,"column":null}},"38":{"start":{"line":152,"column":11},"end":{"line":152,"column":null}},"39":{"start":{"line":154,"column":4},"end":{"line":169,"column":5}},"40":{"start":{"line":155,"column":6},"end":{"line":164,"column":null}},"41":{"start":{"line":156,"column":8},"end":{"line":164,"column":null}},"42":{"start":{"line":167,"column":6},"end":{"line":167,"column":null}},"43":{"start":{"line":168,"column":6},"end":{"line":168,"column":null}},"44":{"start":{"line":170,"column":4},"end":{"line":170,"column":null}},"45":{"start":{"line":557,"column":2},"end":{"line":557,"column":null}},"46":{"start":{"line":177,"column":0},"end":{"line":213,"column":null}},"47":{"start":{"line":201,"column":14},"end":{"line":201,"column":null}},"48":{"start":{"line":203,"column":4},"end":{"line":210,"column":5}},"49":{"start":{"line":204,"column":6},"end":{"line":206,"column":7}},"50":{"start":{"line":205,"column":8},"end":{"line":205,"column":null}},"51":{"start":{"line":207,"column":6},"end":{"line":209,"column":7}},"52":{"start":{"line":208,"column":8},"end":{"line":208,"column":null}},"53":{"start":{"line":211,"column":4},"end":{"line":211,"column":null}},"54":{"start":{"line":211,"column":49},"end":{"line":211,"column":null}},"55":{"start":{"line":212,"column":4},"end":{"line":212,"column":null}},"56":{"start":{"line":426,"column":31},"end":{"line":426,"column":null}},"57":{"start":{"line":428,"column":30},"end":{"line":428,"column":null}},"58":{"start":{"line":177,"column":0},"end":{"line":456,"column":null}},"59":{"start":{"line":453,"column":4},"end":{"line":453,"column":null}},"60":{"start":{"line":453,"column":22},"end":{"line":453,"column":null}},"61":{"start":{"line":454,"column":16},"end":{"line":454,"column":null}},"62":{"start":{"line":455,"column":4},"end":{"line":455,"column":null}},"63":{"start":{"line":191,"column":4},"end":{"line":191,"column":null}},"64":{"start":{"line":192,"column":4},"end":{"line":197,"column":null}},"65":{"start":{"line":179,"column":4},"end":{"line":179,"column":null}},"66":{"start":{"line":183,"column":4},"end":{"line":183,"column":null}},"67":{"start":{"line":221,"column":4},"end":{"line":226,"column":null}},"68":{"start":{"line":223,"column":8},"end":{"line":225,"column":null}},"69":{"start":{"line":237,"column":32},"end":{"line":237,"column":39}},"70":{"start":{"line":237,"column":53},"end":{"line":237,"column":60}},"71":{"start":{"line":239,"column":4},"end":{"line":239,"column":null}},"72":{"start":{"line":239,"column":37},"end":{"line":239,"column":null}},"73":{"start":{"line":242,"column":4},"end":{"line":274,"column":5}},"74":{"start":{"line":242,"column":33},"end":{"line":242,"column":null}},"75":{"start":{"line":244,"column":9},"end":{"line":274,"column":5}},"76":{"start":{"line":245,"column":6},"end":{"line":249,"column":7}},"77":{"start":{"line":246,"column":8},"end":{"line":246,"column":null}},"78":{"start":{"line":248,"column":8},"end":{"line":248,"column":null}},"79":{"start":{"line":252,"column":9},"end":{"line":274,"column":5}},"80":{"start":{"line":253,"column":6},"end":{"line":255,"column":7}},"81":{"start":{"line":254,"column":8},"end":{"line":254,"column":null}},"82":{"start":{"line":256,"column":6},"end":{"line":256,"column":null}},"83":{"start":{"line":258,"column":6},"end":{"line":260,"column":7}},"84":{"start":{"line":259,"column":8},"end":{"line":259,"column":null}},"85":{"start":{"line":261,"column":11},"end":{"line":274,"column":5}},"86":{"start":{"line":262,"column":6},"end":{"line":271,"column":7}},"87":{"start":{"line":264,"column":8},"end":{"line":268,"column":9}},"88":{"start":{"line":265,"column":10},"end":{"line":265,"column":null}},"89":{"start":{"line":267,"column":10},"end":{"line":267,"column":null}},"90":{"start":{"line":270,"column":8},"end":{"line":270,"column":null}},"91":{"start":{"line":273,"column":6},"end":{"line":273,"column":null}},"92":{"start":{"line":275,"column":4},"end":{"line":275,"column":null}},"93":{"start":{"line":295,"column":17},"end":{"line":295,"column":24}},"94":{"start":{"line":296,"column":11},"end":{"line":296,"column":15}},"95":{"start":{"line":298,"column":4},"end":{"line":298,"column":null}},"96":{"start":{"line":298,"column":33},"end":{"line":298,"column":null}},"97":{"start":{"line":299,"column":4},"end":{"line":301,"column":5}},"98":{"start":{"line":300,"column":6},"end":{"line":300,"column":null}},"99":{"start":{"line":302,"column":4},"end":{"line":332,"column":null}},"100":{"start":{"line":303,"column":49},"end":{"line":303,"column":23}},"101":{"start":{"line":303,"column":49},"end":{"line":303,"column":35}},"102":{"start":{"line":303,"column":49},"end":{"line":303,"column":44}},"103":{"start":{"line":304,"column":22},"end":{"line":304,"column":null}},"104":{"start":{"line":305,"column":21},"end":{"line":305,"column":73}},"105":{"start":{"line":306,"column":19},"end":{"line":306,"column":73}},"106":{"start":{"line":309,"column":6},"end":{"line":331,"column":7}},"107":{"start":{"line":310,"column":8},"end":{"line":311,"column":null}},"108":{"start":{"line":310,"column":27},"end":{"line":310,"column":null}},"109":{"start":{"line":311,"column":13},"end":{"line":311,"column":null}},"110":{"start":{"line":312,"column":8},"end":{"line":312,"column":null}},"111":{"start":{"line":315,"column":11},"end":{"line":331,"column":7}},"112":{"start":{"line":316,"column":8},"end":{"line":316,"column":null}},"113":{"start":{"line":319,"column":11},"end":{"line":331,"column":7}},"114":{"start":{"line":320,"column":8},"end":{"line":320,"column":null}},"115":{"start":{"line":320,"column":25},"end":{"line":320,"column":null}},"116":{"start":{"line":321,"column":8},"end":{"line":321,"column":null}},"117":{"start":{"line":322,"column":8},"end":{"line":322,"column":null}},"118":{"start":{"line":323,"column":8},"end":{"line":325,"column":null}},"119":{"start":{"line":324,"column":10},"end":{"line":324,"column":null}},"120":{"start":{"line":326,"column":13},"end":{"line":331,"column":7}},"121":{"start":{"line":327,"column":8},"end":{"line":327,"column":null}},"122":{"start":{"line":328,"column":8},"end":{"line":330,"column":null}},"123":{"start":{"line":329,"column":10},"end":{"line":329,"column":null}},"124":{"start":{"line":357,"column":30},"end":{"line":357,"column":37}},"125":{"start":{"line":357,"column":53},"end":{"line":357,"column":55}},"126":{"start":{"line":357,"column":59},"end":{"line":357,"column":66}},"127":{"start":{"line":357,"column":84},"end":{"line":357,"column":92}},"128":{"start":{"line":359,"column":4},"end":{"line":359,"column":null}},"129":{"start":{"line":359,"column":29},"end":{"line":359,"column":null}},"130":{"start":{"line":360,"column":4},"end":{"line":362,"column":null}},"131":{"start":{"line":361,"column":6},"end":{"line":361,"column":null}},"132":{"start":{"line":362,"column":11},"end":{"line":362,"column":null}},"133":{"start":{"line":362,"column":30},"end":{"line":362,"column":null}},"134":{"start":{"line":364,"column":4},"end":{"line":364,"column":null}},"135":{"start":{"line":364,"column":59},"end":{"line":364,"column":null}},"136":{"start":{"line":366,"column":20},"end":{"line":366,"column":33}},"137":{"start":{"line":367,"column":4},"end":{"line":367,"column":null}},"138":{"start":{"line":367,"column":29},"end":{"line":367,"column":null}},"139":{"start":{"line":370,"column":4},"end":{"line":370,"column":null}},"140":{"start":{"line":370,"column":22},"end":{"line":370,"column":null}},"141":{"start":{"line":372,"column":4},"end":{"line":372,"column":null}},"142":{"start":{"line":372,"column":39},"end":{"line":372,"column":null}},"143":{"start":{"line":374,"column":4},"end":{"line":386,"column":5}},"144":{"start":{"line":375,"column":6},"end":{"line":377,"column":7}},"145":{"start":{"line":376,"column":8},"end":{"line":376,"column":null}},"146":{"start":{"line":378,"column":6},"end":{"line":382,"column":7}},"147":{"start":{"line":379,"column":8},"end":{"line":379,"column":null}},"148":{"start":{"line":380,"column":13},"end":{"line":382,"column":7}},"149":{"start":{"line":381,"column":8},"end":{"line":381,"column":null}},"150":{"start":{"line":383,"column":6},"end":{"line":383,"column":null}},"151":{"start":{"line":384,"column":11},"end":{"line":386,"column":5}},"152":{"start":{"line":385,"column":6},"end":{"line":385,"column":null}},"153":{"start":{"line":391,"column":4},"end":{"line":393,"column":5}},"154":{"start":{"line":392,"column":6},"end":{"line":392,"column":null}},"155":{"start":{"line":394,"column":22},"end":{"line":394,"column":null}},"156":{"start":{"line":395,"column":4},"end":{"line":407,"column":5}},"157":{"start":{"line":396,"column":6},"end":{"line":397,"column":28}},"158":{"start":{"line":396,"column":39},"end":{"line":396,"column":null}},"159":{"start":{"line":397,"column":11},"end":{"line":397,"column":28}},"160":{"start":{"line":398,"column":11},"end":{"line":407,"column":5}},"161":{"start":{"line":399,"column":6},"end":{"line":399,"column":null}},"162":{"start":{"line":399,"column":38},"end":{"line":399,"column":null}},"163":{"start":{"line":400,"column":6},"end":{"line":400,"column":null}},"164":{"start":{"line":400,"column":38},"end":{"line":400,"column":null}},"165":{"start":{"line":401,"column":11},"end":{"line":407,"column":5}},"166":{"start":{"line":402,"column":6},"end":{"line":402,"column":null}},"167":{"start":{"line":403,"column":11},"end":{"line":407,"column":5}},"168":{"start":{"line":404,"column":6},"end":{"line":404,"column":null}},"169":{"start":{"line":406,"column":6},"end":{"line":406,"column":null}},"170":{"start":{"line":408,"column":4},"end":{"line":408,"column":null}},"171":{"start":{"line":412,"column":15},"end":{"line":412,"column":null}},"172":{"start":{"line":413,"column":4},"end":{"line":422,"column":5}},"173":{"start":{"line":414,"column":6},"end":{"line":421,"column":null}},"174":{"start":{"line":414,"column":35},"end":{"line":414,"column":null}},"175":{"start":{"line":415,"column":11},"end":{"line":421,"column":null}},"176":{"start":{"line":416,"column":8},"end":{"line":420,"column":9}},"177":{"start":{"line":417,"column":10},"end":{"line":417,"column":null}},"178":{"start":{"line":419,"column":10},"end":{"line":419,"column":null}},"179":{"start":{"line":421,"column":13},"end":{"line":421,"column":null}},"180":{"start":{"line":421,"column":49},"end":{"line":421,"column":null}},"181":{"start":{"line":423,"column":4},"end":{"line":423,"column":null}},"182":{"start":{"line":438,"column":4},"end":{"line":438,"column":null}},"183":{"start":{"line":441,"column":4},"end":{"line":441,"column":null}},"184":{"start":{"line":442,"column":4},"end":{"line":442,"column":null}},"185":{"start":{"line":444,"column":4},"end":{"line":447,"column":null}},"186":{"start":{"line":445,"column":6},"end":{"line":445,"column":null}},"187":{"start":{"line":446,"column":6},"end":{"line":446,"column":null}},"188":{"start":{"line":447,"column":11},"end":{"line":447,"column":null}},"189":{"start":{"line":449,"column":4},"end":{"line":449,"column":null}},"190":{"start":{"line":459,"column":10},"end":{"line":459,"column":null}},"191":{"start":{"line":551,"column":7},"end":{"line":null,"column":-1}},"192":{"start":{"line":461,"column":17},"end":{"line":480,"column":1}},"193":{"start":{"line":467,"column":4},"end":{"line":467,"column":null}},"194":{"start":{"line":467,"column":33},"end":{"line":467,"column":null}},"195":{"start":{"line":468,"column":4},"end":{"line":468,"column":null}},"196":{"start":{"line":472,"column":4},"end":{"line":478,"column":null}},"197":{"start":{"line":555,"column":2},"end":{"line":555,"column":null}},"198":{"start":{"line":482,"column":17},"end":{"line":548,"column":1}},"199":{"start":{"line":489,"column":14},"end":{"line":489,"column":null}},"200":{"start":{"line":490,"column":4},"end":{"line":537,"column":5}},"201":{"start":{"line":492,"column":20},"end":{"line":492,"column":null}},"202":{"start":{"line":493,"column":6},"end":{"line":496,"column":7}},"203":{"start":{"line":495,"column":8},"end":{"line":495,"column":null}},"204":{"start":{"line":498,"column":18},"end":{"line":498,"column":null}},"205":{"start":{"line":500,"column":6},"end":{"line":532,"column":7}},"206":{"start":{"line":502,"column":19},"end":{"line":502,"column":null}},"207":{"start":{"line":506,"column":8},"end":{"line":530,"column":9}},"208":{"start":{"line":507,"column":24},"end":{"line":507,"column":null}},"209":{"start":{"line":508,"column":10},"end":{"line":526,"column":11}},"210":{"start":{"line":510,"column":12},"end":{"line":510,"column":null}},"211":{"start":{"line":511,"column":17},"end":{"line":526,"column":11}},"212":{"start":{"line":515,"column":12},"end":{"line":515,"column":null}},"213":{"start":{"line":518,"column":12},"end":{"line":518,"column":null}},"214":{"start":{"line":519,"column":12},"end":{"line":525,"column":13}},"215":{"start":{"line":520,"column":14},"end":{"line":524,"column":null}},"216":{"start":{"line":529,"column":10},"end":{"line":529,"column":null}},"217":{"start":{"line":531,"column":8},"end":{"line":531,"column":null}},"218":{"start":{"line":533,"column":6},"end":{"line":535,"column":7}},"219":{"start":{"line":534,"column":8},"end":{"line":534,"column":null}},"220":{"start":{"line":536,"column":6},"end":{"line":536,"column":null}},"221":{"start":{"line":538,"column":4},"end":{"line":545,"column":5}},"222":{"start":{"line":544,"column":6},"end":{"line":544,"column":null}},"223":{"start":{"line":546,"column":4},"end":{"line":546,"column":null}},"224":{"start":{"line":556,"column":2},"end":{"line":556,"column":null}}},"fnMap":{"0":{"name":"(anonymous_6)","decl":{"start":{"line":99,"column":27},"end":{"line":99,"column":28}},"loc":{"start":{"line":99,"column":36},"end":{"line":101,"column":1}}},"1":{"name":"(anonymous_9)","decl":{"start":{"line":108,"column":22},"end":{"line":108,"column":23}},"loc":{"start":{"line":108,"column":39},"end":{"line":120,"column":3}}},"2":{"name":"(anonymous_10)","decl":{"start":{"line":122,"column":22},"end":{"line":122,"column":23}},"loc":{"start":{"line":122,"column":43},"end":{"line":133,"column":3}}},"3":{"name":"(anonymous_11)","decl":{"start":{"line":140,"column":10},"end":{"line":140,"column":11}},"loc":{"start":{"line":140,"column":40},"end":{"line":171,"column":3}}},"4":{"name":"(anonymous_14)","decl":{"start":{"line":200,"column":24},"end":{"line":200,"column":25}},"loc":{"start":{"line":200,"column":41},"end":{"line":213,"column":3}}},"5":{"name":"(anonymous_17)","decl":{"start":{"line":452,"column":16},"end":{"line":452,"column":17}},"loc":{"start":{"line":452,"column":44},"end":{"line":456,"column":3}}},"6":{"name":"get","decl":{"start":{"line":178,"column":10},"end":{"line":178,"column":11}},"loc":{"start":{"line":178,"column":39},"end":{"line":180,"column":3}}},"7":{"name":"set","decl":{"start":{"line":182,"column":10},"end":{"line":182,"column":12}},"loc":{"start":{"line":182,"column":44},"end":{"line":184,"column":3}}},"8":{"name":"flattenDeep","decl":{"start":{"line":220,"column":2},"end":{"line":220,"column":10}},"loc":{"start":{"line":220,"column":25},"end":{"line":228,"column":3}}},"9":{"name":"(anonymous_21)","decl":{"start":{"line":222,"column":6},"end":{"line":222,"column":7}},"loc":{"start":{"line":222,"column":25},"end":{"line":226,"column":7}}},"10":{"name":"acceptNumber","decl":{"start":{"line":237,"column":2},"end":{"line":237,"column":10}},"loc":{"start":{"line":237,"column":67},"end":{"line":276,"column":3}}},"11":{"name":"flattenParams","decl":{"start":{"line":290,"column":2},"end":{"line":290,"column":10}},"loc":{"start":{"line":297,"column":4},"end":{"line":333,"column":3}}},"12":{"name":"(anonymous_24)","decl":{"start":{"line":302,"column":19},"end":{"line":302,"column":20}},"loc":{"start":{"line":302,"column":35},"end":{"line":332,"column":5}}},"13":{"name":"(anonymous_25)","decl":{"start":{"line":323,"column":22},"end":{"line":323,"column":23}},"loc":{"start":{"line":323,"column":37},"end":{"line":325,"column":9}}},"14":{"name":"(anonymous_26)","decl":{"start":{"line":328,"column":22},"end":{"line":328,"column":23}},"loc":{"start":{"line":328,"column":37},"end":{"line":330,"column":9}}},"15":{"name":"accept","decl":{"start":{"line":357,"column":2},"end":{"line":357,"column":8}},"loc":{"start":{"line":357,"column":94},"end":{"line":409,"column":3}}},"16":{"name":"type","decl":{"start":{"line":411,"column":2},"end":{"line":411,"column":6}},"loc":{"start":{"line":411,"column":22},"end":{"line":424,"column":3}}},"17":{"name":"retrieveRanges","decl":{"start":{"line":436,"column":2},"end":{"line":436,"column":10}},"loc":{"start":{"line":436,"column":57},"end":{"line":450,"column":3}}},"18":{"name":"(anonymous_30)","decl":{"start":{"line":466,"column":14},"end":{"line":466,"column":15}},"loc":{"start":{"line":466,"column":28},"end":{"line":469,"column":3}}},"19":{"name":"(anonymous_32)","decl":{"start":{"line":488,"column":9},"end":{"line":488,"column":10}},"loc":{"start":{"line":488,"column":28},"end":{"line":547,"column":3}}}},"branchMap":{"0":{"loc":{"start":{"line":104,"column":30},"end":{"line":104,"column":57}},"type":"binary-expr","locations":[{"start":{"line":104,"column":30},"end":{"line":104,"column":39}},{"start":{"line":104,"column":43},"end":{"line":104,"column":57}}]},"1":{"loc":{"start":{"line":106,"column":29},"end":{"line":106,"column":57}},"type":"binary-expr","locations":[{"start":{"line":106,"column":29},"end":{"line":106,"column":38}},{"start":{"line":106,"column":38},"end":{"line":106,"column":57}}]},"2":{"loc":{"start":{"line":128,"column":6},"end":{"line":130,"column":7}},"type":"if","locations":[{"start":{"line":128,"column":6},"end":{"line":130,"column":7}}]},"3":{"loc":{"start":{"line":141,"column":4},"end":{"line":143,"column":5}},"type":"if","locations":[{"start":{"line":141,"column":4},"end":{"line":143,"column":5}}]},"4":{"loc":{"start":{"line":146,"column":4},"end":{"line":152,"column":null}},"type":"if","locations":[{"start":{"line":146,"column":4},"end":{"line":152,"column":null}},{"start":{"line":149,"column":11},"end":{"line":152,"column":null}}]},"5":{"loc":{"start":{"line":149,"column":11},"end":{"line":152,"column":null}},"type":"if","locations":[{"start":{"line":149,"column":11},"end":{"line":152,"column":null}},{"start":{"line":152,"column":11},"end":{"line":152,"column":null}}]},"6":{"loc":{"start":{"line":154,"column":4},"end":{"line":169,"column":5}},"type":"if","locations":[{"start":{"line":154,"column":4},"end":{"line":169,"column":5}},{"start":{"line":165,"column":11},"end":{"line":169,"column":5}}]},"7":{"loc":{"start":{"line":155,"column":6},"end":{"line":164,"column":null}},"type":"if","locations":[{"start":{"line":155,"column":6},"end":{"line":164,"column":null}}]},"8":{"loc":{"start":{"line":155,"column":10},"end":{"line":155,"column":40}},"type":"binary-expr","locations":[{"start":{"line":155,"column":10},"end":{"line":155,"column":23}},{"start":{"line":155,"column":27},"end":{"line":155,"column":40}}]},"9":{"loc":{"start":{"line":201,"column":14},"end":{"line":201,"column":null}},"type":"cond-expr","locations":[{"start":{"line":201,"column":30},"end":{"line":201,"column":null}},{"start":{"line":201,"column":17},"end":{"line":201,"column":null}}]},"10":{"loc":{"start":{"line":203,"column":4},"end":{"line":210,"column":5}},"type":"if","locations":[{"start":{"line":203,"column":4},"end":{"line":210,"column":5}}]},"11":{"loc":{"start":{"line":204,"column":6},"end":{"line":206,"column":7}},"type":"if","locations":[{"start":{"line":204,"column":6},"end":{"line":206,"column":7}}]},"12":{"loc":{"start":{"line":207,"column":6},"end":{"line":209,"column":7}},"type":"if","locations":[{"start":{"line":207,"column":6},"end":{"line":209,"column":7}}]},"13":{"loc":{"start":{"line":211,"column":4},"end":{"line":211,"column":null}},"type":"if","locations":[{"start":{"line":211,"column":4},"end":{"line":211,"column":null}}]},"14":{"loc":{"start":{"line":211,"column":8},"end":{"line":211,"column":47}},"type":"binary-expr","locations":[{"start":{"line":211,"column":8},"end":{"line":211,"column":28}},{"start":{"line":211,"column":32},"end":{"line":211,"column":47}}]},"15":{"loc":{"start":{"line":426,"column":31},"end":{"line":426,"column":58}},"type":"binary-expr","locations":[{"start":{"line":426,"column":31},"end":{"line":426,"column":40}},{"start":{"line":426,"column":44},"end":{"line":426,"column":58}}]},"16":{"loc":{"start":{"line":428,"column":30},"end":{"line":428,"column":58}},"type":"binary-expr","locations":[{"start":{"line":428,"column":30},"end":{"line":428,"column":39}},{"start":{"line":428,"column":39},"end":{"line":428,"column":58}}]},"17":{"loc":{"start":{"line":453,"column":4},"end":{"line":453,"column":null}},"type":"if","locations":[{"start":{"line":453,"column":4},"end":{"line":453,"column":null}}]},"18":{"loc":{"start":{"line":223,"column":8},"end":{"line":225,"column":null}},"type":"cond-expr","locations":[{"start":{"line":224,"column":12},"end":{"line":224,"column":null}},{"start":{"line":225,"column":12},"end":{"line":225,"column":null}}]},"19":{"loc":{"start":{"line":237,"column":32},"end":{"line":237,"column":39}},"type":"cond-expr","locations":[{"start":{"line":237,"column":32},"end":{"line":237,"column":35}},{"start":{"line":237,"column":35},"end":{"line":237,"column":39}}]},"20":{"loc":{"start":{"line":237,"column":32},"end":{"line":237,"column":35}},"type":"binary-expr","locations":[{"start":{"line":237,"column":32},"end":{"line":237,"column":35}},{"start":{"line":237,"column":32},"end":{"line":237,"column":35}}]},"21":{"loc":{"start":{"line":237,"column":53},"end":{"line":237,"column":60}},"type":"cond-expr","locations":[{"start":{"line":237,"column":53},"end":{"line":237,"column":56}},{"start":{"line":237,"column":56},"end":{"line":237,"column":60}}]},"22":{"loc":{"start":{"line":237,"column":53},"end":{"line":237,"column":56}},"type":"binary-expr","locations":[{"start":{"line":237,"column":53},"end":{"line":237,"column":56}},{"start":{"line":237,"column":53},"end":{"line":237,"column":56}}]},"23":{"loc":{"start":{"line":239,"column":4},"end":{"line":239,"column":null}},"type":"if","locations":[{"start":{"line":239,"column":4},"end":{"line":239,"column":null}}]},"24":{"loc":{"start":{"line":242,"column":4},"end":{"line":274,"column":5}},"type":"if","locations":[{"start":{"line":242,"column":4},"end":{"line":274,"column":5}},{"start":{"line":244,"column":9},"end":{"line":274,"column":5}}]},"25":{"loc":{"start":{"line":244,"column":9},"end":{"line":274,"column":5}},"type":"if","locations":[{"start":{"line":244,"column":9},"end":{"line":274,"column":5}},{"start":{"line":252,"column":9},"end":{"line":274,"column":5}}]},"26":{"loc":{"start":{"line":245,"column":6},"end":{"line":249,"column":7}},"type":"if","locations":[{"start":{"line":245,"column":6},"end":{"line":249,"column":7}},{"start":{"line":247,"column":13},"end":{"line":249,"column":7}}]},"27":{"loc":{"start":{"line":252,"column":9},"end":{"line":274,"column":5}},"type":"if","locations":[{"start":{"line":252,"column":9},"end":{"line":274,"column":5}},{"start":{"line":261,"column":11},"end":{"line":274,"column":5}}]},"28":{"loc":{"start":{"line":253,"column":6},"end":{"line":255,"column":7}},"type":"if","locations":[{"start":{"line":253,"column":6},"end":{"line":255,"column":7}}]},"29":{"loc":{"start":{"line":258,"column":6},"end":{"line":260,"column":7}},"type":"if","locations":[{"start":{"line":258,"column":6},"end":{"line":260,"column":7}}]},"30":{"loc":{"start":{"line":261,"column":11},"end":{"line":274,"column":5}},"type":"if","locations":[{"start":{"line":261,"column":11},"end":{"line":274,"column":5}},{"start":{"line":272,"column":11},"end":{"line":274,"column":5}}]},"31":{"loc":{"start":{"line":262,"column":6},"end":{"line":271,"column":7}},"type":"if","locations":[{"start":{"line":262,"column":6},"end":{"line":271,"column":7}},{"start":{"line":269,"column":13},"end":{"line":271,"column":7}}]},"32":{"loc":{"start":{"line":264,"column":8},"end":{"line":268,"column":9}},"type":"if","locations":[{"start":{"line":264,"column":8},"end":{"line":268,"column":9}},{"start":{"line":266,"column":15},"end":{"line":268,"column":9}}]},"33":{"loc":{"start":{"line":295,"column":17},"end":{"line":295,"column":24}},"type":"cond-expr","locations":[{"start":{"line":295,"column":17},"end":{"line":295,"column":20}},{"start":{"line":295,"column":20},"end":{"line":295,"column":24}}]},"34":{"loc":{"start":{"line":295,"column":17},"end":{"line":295,"column":20}},"type":"binary-expr","locations":[{"start":{"line":295,"column":17},"end":{"line":295,"column":20}},{"start":{"line":295,"column":17},"end":{"line":295,"column":20}}]},"35":{"loc":{"start":{"line":296,"column":11},"end":{"line":296,"column":15}},"type":"cond-expr","locations":[{"start":{"line":296,"column":11},"end":{"line":296,"column":14}},{"start":{"line":296,"column":14},"end":{"line":296,"column":15}}]},"36":{"loc":{"start":{"line":296,"column":11},"end":{"line":296,"column":14}},"type":"binary-expr","locations":[{"start":{"line":296,"column":11},"end":{"line":296,"column":14}},{"start":{"line":296,"column":11},"end":{"line":296,"column":14}}]},"37":{"loc":{"start":{"line":298,"column":4},"end":{"line":298,"column":null}},"type":"if","locations":[{"start":{"line":298,"column":4},"end":{"line":298,"column":null}}]},"38":{"loc":{"start":{"line":299,"column":4},"end":{"line":301,"column":5}},"type":"if","locations":[{"start":{"line":299,"column":4},"end":{"line":301,"column":5}}]},"39":{"loc":{"start":{"line":300,"column":17},"end":{"line":300,"column":null}},"type":"cond-expr","locations":[{"start":{"line":300,"column":46},"end":{"line":300,"column":47}},{"start":{"line":300,"column":50},"end":{"line":300,"column":null}}]},"40":{"loc":{"start":{"line":300,"column":50},"end":{"line":300,"column":null}},"type":"cond-expr","locations":[{"start":{"line":300,"column":70},"end":{"line":300,"column":74}},{"start":{"line":300,"column":77},"end":{"line":300,"column":null}}]},"41":{"loc":{"start":{"line":305,"column":21},"end":{"line":305,"column":73}},"type":"binary-expr","locations":[{"start":{"line":305,"column":21},"end":{"line":305,"column":34}},{"start":{"line":305,"column":34},"end":{"line":305,"column":49}},{"start":{"line":305,"column":49},"end":{"line":305,"column":61}},{"start":{"line":305,"column":61},"end":{"line":305,"column":73}}]},"42":{"loc":{"start":{"line":309,"column":6},"end":{"line":331,"column":7}},"type":"if","locations":[{"start":{"line":309,"column":6},"end":{"line":331,"column":7}},{"start":{"line":315,"column":11},"end":{"line":331,"column":7}}]},"43":{"loc":{"start":{"line":310,"column":8},"end":{"line":311,"column":null}},"type":"if","locations":[{"start":{"line":310,"column":8},"end":{"line":311,"column":null}},{"start":{"line":311,"column":13},"end":{"line":311,"column":null}}]},"44":{"loc":{"start":{"line":315,"column":11},"end":{"line":331,"column":7}},"type":"if","locations":[{"start":{"line":315,"column":11},"end":{"line":331,"column":7}},{"start":{"line":319,"column":11},"end":{"line":331,"column":7}}]},"45":{"loc":{"start":{"line":319,"column":11},"end":{"line":331,"column":7}},"type":"if","locations":[{"start":{"line":319,"column":11},"end":{"line":331,"column":7}},{"start":{"line":326,"column":13},"end":{"line":331,"column":7}}]},"46":{"loc":{"start":{"line":320,"column":8},"end":{"line":320,"column":null}},"type":"if","locations":[{"start":{"line":320,"column":8},"end":{"line":320,"column":null}}]},"47":{"loc":{"start":{"line":326,"column":13},"end":{"line":331,"column":7}},"type":"if","locations":[{"start":{"line":326,"column":13},"end":{"line":331,"column":7}}]},"48":{"loc":{"start":{"line":326,"column":17},"end":{"line":326,"column":38}},"type":"binary-expr","locations":[{"start":{"line":326,"column":17},"end":{"line":326,"column":27}},{"start":{"line":326,"column":31},"end":{"line":326,"column":38}}]},"49":{"loc":{"start":{"line":357,"column":30},"end":{"line":357,"column":37}},"type":"cond-expr","locations":[{"start":{"line":357,"column":30},"end":{"line":357,"column":33}},{"start":{"line":357,"column":33},"end":{"line":357,"column":37}}]},"50":{"loc":{"start":{"line":357,"column":30},"end":{"line":357,"column":33}},"type":"binary-expr","locations":[{"start":{"line":357,"column":30},"end":{"line":357,"column":33}},{"start":{"line":357,"column":30},"end":{"line":357,"column":33}}]},"51":{"loc":{"start":{"line":357,"column":53},"end":{"line":357,"column":55}},"type":"cond-expr","locations":[{"start":{"line":357,"column":53},"end":{"line":357,"column":55}},{"start":{"line":357,"column":53},"end":{"line":357,"column":55}}]},"52":{"loc":{"start":{"line":357,"column":59},"end":{"line":357,"column":66}},"type":"cond-expr","locations":[{"start":{"line":357,"column":59},"end":{"line":357,"column":62}},{"start":{"line":357,"column":62},"end":{"line":357,"column":66}}]},"53":{"loc":{"start":{"line":357,"column":59},"end":{"line":357,"column":62}},"type":"binary-expr","locations":[{"start":{"line":357,"column":59},"end":{"line":357,"column":62}},{"start":{"line":357,"column":59},"end":{"line":357,"column":62}}]},"54":{"loc":{"start":{"line":357,"column":84},"end":{"line":357,"column":92}},"type":"cond-expr","locations":[{"start":{"line":357,"column":84},"end":{"line":357,"column":87}},{"start":{"line":357,"column":87},"end":{"line":357,"column":92}}]},"55":{"loc":{"start":{"line":357,"column":84},"end":{"line":357,"column":87}},"type":"binary-expr","locations":[{"start":{"line":357,"column":84},"end":{"line":357,"column":87}},{"start":{"line":357,"column":84},"end":{"line":357,"column":87}}]},"56":{"loc":{"start":{"line":359,"column":4},"end":{"line":359,"column":null}},"type":"if","locations":[{"start":{"line":359,"column":4},"end":{"line":359,"column":null}}]},"57":{"loc":{"start":{"line":360,"column":4},"end":{"line":362,"column":null}},"type":"if","locations":[{"start":{"line":360,"column":4},"end":{"line":362,"column":null}},{"start":{"line":362,"column":11},"end":{"line":362,"column":null}}]},"58":{"loc":{"start":{"line":360,"column":8},"end":{"line":360,"column":47}},"type":"binary-expr","locations":[{"start":{"line":360,"column":8},"end":{"line":360,"column":21}},{"start":{"line":360,"column":25},"end":{"line":360,"column":47}}]},"59":{"loc":{"start":{"line":362,"column":11},"end":{"line":362,"column":null}},"type":"if","locations":[{"start":{"line":362,"column":11},"end":{"line":362,"column":null}}]},"60":{"loc":{"start":{"line":364,"column":4},"end":{"line":364,"column":null}},"type":"if","locations":[{"start":{"line":364,"column":4},"end":{"line":364,"column":null}}]},"61":{"loc":{"start":{"line":364,"column":8},"end":{"line":364,"column":59}},"type":"binary-expr","locations":[{"start":{"line":364,"column":8},"end":{"line":364,"column":37}},{"start":{"line":364,"column":37},"end":{"line":364,"column":59}}]},"62":{"loc":{"start":{"line":367,"column":4},"end":{"line":367,"column":null}},"type":"if","locations":[{"start":{"line":367,"column":4},"end":{"line":367,"column":null}}]},"63":{"loc":{"start":{"line":370,"column":4},"end":{"line":370,"column":null}},"type":"if","locations":[{"start":{"line":370,"column":4},"end":{"line":370,"column":null}}]},"64":{"loc":{"start":{"line":372,"column":4},"end":{"line":372,"column":null}},"type":"if","locations":[{"start":{"line":372,"column":4},"end":{"line":372,"column":null}}]},"65":{"loc":{"start":{"line":374,"column":4},"end":{"line":386,"column":5}},"type":"if","locations":[{"start":{"line":374,"column":4},"end":{"line":386,"column":5}},{"start":{"line":384,"column":11},"end":{"line":386,"column":5}}]},"66":{"loc":{"start":{"line":375,"column":6},"end":{"line":377,"column":7}},"type":"if","locations":[{"start":{"line":375,"column":6},"end":{"line":377,"column":7}}]},"67":{"loc":{"start":{"line":376,"column":15},"end":{"line":376,"column":53}},"type":"cond-expr","locations":[{"start":{"line":376,"column":22},"end":{"line":376,"column":48}},{"start":{"line":376,"column":48},"end":{"line":376,"column":53}}]},"68":{"loc":{"start":{"line":378,"column":6},"end":{"line":382,"column":7}},"type":"if","locations":[{"start":{"line":378,"column":6},"end":{"line":382,"column":7}},{"start":{"line":380,"column":13},"end":{"line":382,"column":7}}]},"69":{"loc":{"start":{"line":380,"column":13},"end":{"line":382,"column":7}},"type":"if","locations":[{"start":{"line":380,"column":13},"end":{"line":382,"column":7}}]},"70":{"loc":{"start":{"line":381,"column":15},"end":{"line":381,"column":41}},"type":"cond-expr","locations":[{"start":{"line":381,"column":22},"end":{"line":381,"column":29}},{"start":{"line":381,"column":32},"end":{"line":381,"column":41}}]},"71":{"loc":{"start":{"line":384,"column":11},"end":{"line":386,"column":5}},"type":"if","locations":[{"start":{"line":384,"column":11},"end":{"line":386,"column":5}}]},"72":{"loc":{"start":{"line":391,"column":4},"end":{"line":393,"column":5}},"type":"if","locations":[{"start":{"line":391,"column":4},"end":{"line":393,"column":5}}]},"73":{"loc":{"start":{"line":395,"column":4},"end":{"line":407,"column":5}},"type":"if","locations":[{"start":{"line":395,"column":4},"end":{"line":407,"column":5}},{"start":{"line":398,"column":11},"end":{"line":407,"column":5}}]},"74":{"loc":{"start":{"line":396,"column":6},"end":{"line":397,"column":28}},"type":"if","locations":[{"start":{"line":396,"column":6},"end":{"line":397,"column":28}},{"start":{"line":397,"column":11},"end":{"line":397,"column":28}}]},"75":{"loc":{"start":{"line":396,"column":47},"end":{"line":396,"column":null}},"type":"cond-expr","locations":[{"start":{"line":396,"column":55},"end":{"line":396,"column":64}},{"start":{"line":396,"column":64},"end":{"line":396,"column":null}}]},"76":{"loc":{"start":{"line":398,"column":11},"end":{"line":407,"column":5}},"type":"if","locations":[{"start":{"line":398,"column":11},"end":{"line":407,"column":5}},{"start":{"line":401,"column":11},"end":{"line":407,"column":5}}]},"77":{"loc":{"start":{"line":399,"column":6},"end":{"line":399,"column":null}},"type":"if","locations":[{"start":{"line":399,"column":6},"end":{"line":399,"column":null}}]},"78":{"loc":{"start":{"line":400,"column":6},"end":{"line":400,"column":null}},"type":"if","locations":[{"start":{"line":400,"column":6},"end":{"line":400,"column":null}}]},"79":{"loc":{"start":{"line":401,"column":11},"end":{"line":407,"column":5}},"type":"if","locations":[{"start":{"line":401,"column":11},"end":{"line":407,"column":5}},{"start":{"line":403,"column":11},"end":{"line":407,"column":5}}]},"80":{"loc":{"start":{"line":403,"column":11},"end":{"line":407,"column":5}},"type":"if","locations":[{"start":{"line":403,"column":11},"end":{"line":407,"column":5}},{"start":{"line":405,"column":11},"end":{"line":407,"column":5}}]},"81":{"loc":{"start":{"line":412,"column":31},"end":{"line":412,"column":null}},"type":"cond-expr","locations":[{"start":{"line":412,"column":47},"end":{"line":412,"column":null}},{"start":{"line":412,"column":32},"end":{"line":412,"column":null}}]},"82":{"loc":{"start":{"line":413,"column":4},"end":{"line":422,"column":5}},"type":"if","locations":[{"start":{"line":413,"column":4},"end":{"line":422,"column":5}}]},"83":{"loc":{"start":{"line":414,"column":6},"end":{"line":421,"column":null}},"type":"if","locations":[{"start":{"line":414,"column":6},"end":{"line":421,"column":null}},{"start":{"line":415,"column":11},"end":{"line":421,"column":null}}]},"84":{"loc":{"start":{"line":415,"column":11},"end":{"line":421,"column":null}},"type":"if","locations":[{"start":{"line":415,"column":11},"end":{"line":421,"column":null}},{"start":{"line":421,"column":13},"end":{"line":421,"column":null}}]},"85":{"loc":{"start":{"line":416,"column":8},"end":{"line":420,"column":9}},"type":"if","locations":[{"start":{"line":416,"column":8},"end":{"line":420,"column":9}},{"start":{"line":418,"column":15},"end":{"line":420,"column":9}}]},"86":{"loc":{"start":{"line":421,"column":13},"end":{"line":421,"column":null}},"type":"if","locations":[{"start":{"line":421,"column":13},"end":{"line":421,"column":null}}]},"87":{"loc":{"start":{"line":444,"column":4},"end":{"line":447,"column":null}},"type":"if","locations":[{"start":{"line":444,"column":4},"end":{"line":447,"column":null}},{"start":{"line":447,"column":11},"end":{"line":447,"column":null}}]},"88":{"loc":{"start":{"line":467,"column":4},"end":{"line":467,"column":null}},"type":"if","locations":[{"start":{"line":467,"column":4},"end":{"line":467,"column":null}}]},"89":{"loc":{"start":{"line":489,"column":14},"end":{"line":489,"column":null}},"type":"cond-expr","locations":[{"start":{"line":489,"column":32},"end":{"line":489,"column":null}},{"start":{"line":489,"column":17},"end":{"line":489,"column":null}}]},"90":{"loc":{"start":{"line":490,"column":4},"end":{"line":537,"column":5}},"type":"if","locations":[{"start":{"line":490,"column":4},"end":{"line":537,"column":5}}]},"91":{"loc":{"start":{"line":493,"column":6},"end":{"line":496,"column":7}},"type":"if","locations":[{"start":{"line":493,"column":6},"end":{"line":496,"column":7}}]},"92":{"loc":{"start":{"line":493,"column":10},"end":{"line":493,"column":49}},"type":"binary-expr","locations":[{"start":{"line":493,"column":10},"end":{"line":493,"column":30}},{"start":{"line":493,"column":30},"end":{"line":493,"column":49}}]},"93":{"loc":{"start":{"line":500,"column":6},"end":{"line":532,"column":7}},"type":"if","locations":[{"start":{"line":500,"column":6},"end":{"line":532,"column":7}}]},"94":{"loc":{"start":{"line":506,"column":8},"end":{"line":530,"column":9}},"type":"if","locations":[{"start":{"line":506,"column":8},"end":{"line":530,"column":9}},{"start":{"line":527,"column":15},"end":{"line":530,"column":9}}]},"95":{"loc":{"start":{"line":508,"column":10},"end":{"line":526,"column":11}},"type":"if","locations":[{"start":{"line":508,"column":10},"end":{"line":526,"column":11}},{"start":{"line":511,"column":17},"end":{"line":526,"column":11}}]},"96":{"loc":{"start":{"line":508,"column":14},"end":{"line":508,"column":53}},"type":"binary-expr","locations":[{"start":{"line":508,"column":14},"end":{"line":508,"column":34}},{"start":{"line":508,"column":34},"end":{"line":508,"column":53}}]},"97":{"loc":{"start":{"line":511,"column":17},"end":{"line":526,"column":11}},"type":"if","locations":[{"start":{"line":511,"column":17},"end":{"line":526,"column":11}},{"start":{"line":516,"column":17},"end":{"line":526,"column":11}}]},"98":{"loc":{"start":{"line":519,"column":12},"end":{"line":525,"column":13}},"type":"if","locations":[{"start":{"line":519,"column":12},"end":{"line":525,"column":13}}]},"99":{"loc":{"start":{"line":533,"column":6},"end":{"line":535,"column":7}},"type":"if","locations":[{"start":{"line":533,"column":6},"end":{"line":535,"column":7}}]},"100":{"loc":{"start":{"line":538,"column":4},"end":{"line":545,"column":5}},"type":"if","locations":[{"start":{"line":538,"column":4},"end":{"line":545,"column":5}}]},"101":{"loc":{"start":{"line":539,"column":6},"end":{"line":542,"column":null}},"type":"binary-expr","locations":[{"start":{"line":539,"column":6},"end":{"line":539,"column":null}},{"start":{"line":540,"column":6},"end":{"line":540,"column":null}},{"start":{"line":541,"column":6},"end":{"line":541,"column":null}},{"start":{"line":542,"column":6},"end":{"line":542,"column":null}}]},"102":{"loc":{"start":{"line":546,"column":68},"end":{"line":546,"column":56}},"type":"cond-expr","locations":[{"start":{"line":546,"column":55},"end":{"line":546,"column":56}},{"start":{"line":546,"column":40},"end":{"line":546,"column":56}}]}},"s":{"0":13,"1":13,"2":13,"3":13,"4":13,"5":13,"6":13,"7":13,"8":13,"9":104,"10":13,"11":11,"12":22,"13":6,"14":6,"15":6,"16":6,"17":6,"18":6,"19":6,"20":6,"21":369,"22":369,"23":369,"24":369,"25":369,"26":375,"27":375,"28":375,"29":369,"30":17,"31":6,"32":11,"33":0,"34":0,"35":11,"36":11,"37":11,"38":0,"39":11,"40":1,"41":1,"42":10,"43":10,"44":11,"45":13,"46":13,"47":1518,"48":1518,"49":827,"50":0,"51":827,"52":3,"53":1515,"54":0,"55":1515,"56":3116,"57":2989,"58":13,"59":51,"60":0,"61":51,"62":51,"63":13,"64":13,"65":0,"66":0,"67":389,"68":999,"69":1952,"70":1952,"71":1952,"72":0,"73":1952,"74":1870,"75":82,"76":35,"77":16,"78":19,"79":47,"80":44,"81":1,"82":43,"83":43,"84":13,"85":3,"86":3,"87":0,"88":0,"89":0,"90":3,"91":0,"92":1919,"93":172,"94":172,"95":172,"96":0,"97":172,"98":128,"99":172,"100":377,"101":377,"102":377,"103":377,"104":377,"105":377,"106":377,"107":250,"108":4,"109":246,"110":246,"111":127,"112":16,"113":111,"114":15,"115":2,"116":13,"117":13,"118":13,"119":55,"120":96,"121":96,"122":96,"123":463,"124":3617,"125":3617,"126":3617,"127":3617,"128":3617,"129":20,"130":3617,"131":0,"132":3617,"133":187,"134":3430,"135":640,"136":2790,"137":2790,"138":2781,"139":2790,"140":624,"141":2166,"142":1,"143":2165,"144":195,"145":190,"146":5,"147":0,"148":5,"149":3,"150":2,"151":1970,"152":0,"153":1970,"154":14,"155":1970,"156":1970,"157":255,"158":5,"159":250,"160":1715,"161":106,"162":1,"163":105,"164":1,"165":1609,"166":1433,"167":176,"168":176,"169":0,"170":1936,"171":1970,"172":1970,"173":0,"174":0,"175":0,"176":0,"177":0,"178":0,"179":0,"180":0,"181":1970,"182":17,"183":17,"184":17,"185":17,"186":17,"187":17,"188":0,"189":17,"190":13,"191":13,"192":13,"193":39,"194":33,"195":6,"196":30,"197":13,"198":13,"199":36,"200":36,"201":32,"202":32,"203":1,"204":31,"205":31,"206":18,"207":18,"208":5,"209":5,"210":1,"211":4,"212":0,"213":4,"214":4,"215":2,"216":13,"217":16,"218":13,"219":3,"220":10,"221":4,"222":4,"223":0,"224":13},"f":{"0":104,"1":6,"2":369,"3":17,"4":1518,"5":51,"6":0,"7":0,"8":389,"9":999,"10":1952,"11":172,"12":377,"13":55,"14":463,"15":3617,"16":1970,"17":17,"18":39,"19":36},"b":{"0":[11,11],"1":[22,22],"2":[375],"3":[6],"4":[0,11],"5":[11,0],"6":[1,10],"7":[1],"8":[1,0],"9":[0,1518],"10":[827],"11":[0],"12":[3],"13":[0],"14":[1515,1515],"15":[3116,341],"16":[2989,219],"17":[0],"18":[219,780],"19":[1949,3],"20":[1952,1949],"21":[176,1776],"22":[1952,176],"23":[0],"24":[1870,82],"25":[35,47],"26":[16,19],"27":[44,3],"28":[1],"29":[13],"30":[3,0],"31":[0,3],"32":[0,0],"33":[44,128],"34":[172,44],"35":[0,172],"36":[172,0],"37":[0],"38":[128],"39":[63,65],"40":[60,5],"41":[377,361,323,265],"42":[250,127],"43":[4,246],"44":[16,111],"45":[15,96],"46":[2],"47":[96],"48":[96,58],"49":[3052,565],"50":[3617,3052],"51":[927,2690],"52":[199,3418],"53":[3617,199],"54":[150,3467],"55":[3617,150],"56":[20],"57":[0,3617],"58":[3617,187],"59":[187],"60":[640],"61":[3430,2790],"62":[2781],"63":[624],"64":[1],"65":[195,1970],"66":[190],"67":[61,129],"68":[0,5],"69":[3],"70":[3,0],"71":[0],"72":[14],"73":[255,1715],"74":[5,250],"75":[4,1],"76":[106,1609],"77":[1],"78":[1],"79":[1433,176],"80":[176,0],"81":[0,1970],"82":[0],"83":[0,0],"84":[0,0],"85":[0,0],"86":[0],"87":[17,0],"88":[33],"89":[0,36],"90":[32],"91":[1],"92":[32,31],"93":[18],"94":[5,13],"95":[1,4],"96":[5,4],"97":[0,4],"98":[2],"99":[3],"100":[4],"101":[4,3,2,0],"102":[0,0]}}
,"D:\\Sources\\vma-grid\\src\\formula\\formulas\\operators.ts": {"path":"D:\\Sources\\vma-grid\\src\\formula\\formulas\\operators.ts","statementMap":{"0":{"start":{"line":1,"column":34},"end":{"line":1,"column":null}},"1":{"start":{"line":2,"column":42},"end":{"line":2,"column":null}},"2":{"start":{"line":4,"column":15},"end":{"line":36,"column":1}},"3":{"start":{"line":6,"column":15},"end":{"line":6,"column":16}},"4":{"start":{"line":7,"column":4},"end":{"line":14,"column":null}},"5":{"start":{"line":8,"column":6},"end":{"line":13,"column":7}},"6":{"start":{"line":9,"column":13},"end":{"line":13,"column":7}},"7":{"start":{"line":10,"column":8},"end":{"line":10,"column":null}},"8":{"start":{"line":12,"column":8},"end":{"line":12,"column":55}},"9":{"start":{"line":16,"column":4},"end":{"line":18,"column":5}},"10":{"start":{"line":17,"column":6},"end":{"line":17,"column":null}},"11":{"start":{"line":20,"column":4},"end":{"line":22,"column":5}},"12":{"start":{"line":21,"column":6},"end":{"line":21,"column":null}},"13":{"start":{"line":24,"column":4},"end":{"line":31,"column":5}},"14":{"start":{"line":25,"column":6},"end":{"line":25,"column":null}},"15":{"start":{"line":27,"column":6},"end":{"line":30,"column":null}},"16":{"start":{"line":29,"column":8},"end":{"line":29,"column":null}},"17":{"start":{"line":29,"column":34},"end":{"line":29,"column":null}},"18":{"start":{"line":30,"column":13},"end":{"line":30,"column":null}},"19":{"start":{"line":33,"column":4},"end":{"line":33,"column":null}},"20":{"start":{"line":33,"column":51},"end":{"line":33,"column":null}},"21":{"start":{"line":34,"column":4},"end":{"line":34,"column":null}},"22":{"start":{"line":160,"column":9},"end":{"line":160,"column":17}},"23":{"start":{"line":38,"column":16},"end":{"line":51,"column":1}},"24":{"start":{"line":40,"column":4},"end":{"line":45,"column":5}},"25":{"start":{"line":41,"column":6},"end":{"line":41,"column":null}},"26":{"start":{"line":43,"column":6},"end":{"line":43,"column":null}},"27":{"start":{"line":43,"column":37},"end":{"line":43,"column":null}},"28":{"start":{"line":44,"column":6},"end":{"line":44,"column":null}},"29":{"start":{"line":46,"column":4},"end":{"line":48,"column":5}},"30":{"start":{"line":47,"column":6},"end":{"line":47,"column":null}},"31":{"start":{"line":49,"column":4},"end":{"line":49,"column":53}},"32":{"start":{"line":160,"column":17},"end":{"line":160,"column":26}},"33":{"start":{"line":53,"column":189},"end":{"line":53,"column":225}},"34":{"start":{"line":55,"column":14},"end":{"line":152,"column":1}},"35":{"start":{"line":57,"column":4},"end":{"line":57,"column":null}},"36":{"start":{"line":57,"column":24},"end":{"line":57,"column":null}},"37":{"start":{"line":58,"column":4},"end":{"line":58,"column":null}},"38":{"start":{"line":58,"column":24},"end":{"line":58,"column":null}},"39":{"start":{"line":60,"column":4},"end":{"line":62,"column":5}},"40":{"start":{"line":61,"column":6},"end":{"line":61,"column":null}},"41":{"start":{"line":63,"column":4},"end":{"line":65,"column":5}},"42":{"start":{"line":64,"column":6},"end":{"line":64,"column":null}},"43":{"start":{"line":67,"column":15},"end":{"line":67,"column":null}},"44":{"start":{"line":68,"column":15},"end":{"line":68,"column":null}},"45":{"start":{"line":70,"column":4},"end":{"line":101,"column":5}},"46":{"start":{"line":74,"column":10},"end":{"line":74,"column":null}},"47":{"start":{"line":76,"column":10},"end":{"line":76,"column":null}},"48":{"start":{"line":78,"column":10},"end":{"line":78,"column":null}},"49":{"start":{"line":80,"column":10},"end":{"line":80,"column":null}},"50":{"start":{"line":82,"column":10},"end":{"line":82,"column":null}},"51":{"start":{"line":84,"column":10},"end":{"line":84,"column":null}},"52":{"start":{"line":89,"column":10},"end":{"line":89,"column":null}},"53":{"start":{"line":91,"column":10},"end":{"line":91,"column":null}},"54":{"start":{"line":93,"column":10},"end":{"line":93,"column":null}},"55":{"start":{"line":95,"column":10},"end":{"line":95,"column":null}},"56":{"start":{"line":97,"column":10},"end":{"line":97,"column":null}},"57":{"start":{"line":99,"column":10},"end":{"line":99,"column":null}},"58":{"start":{"line":102,"column":4},"end":{"line":102,"column":null}},"59":{"start":{"line":106,"column":4},"end":{"line":106,"column":null}},"60":{"start":{"line":106,"column":24},"end":{"line":106,"column":null}},"61":{"start":{"line":107,"column":4},"end":{"line":107,"column":null}},"62":{"start":{"line":107,"column":24},"end":{"line":107,"column":null}},"63":{"start":{"line":109,"column":4},"end":{"line":111,"column":5}},"64":{"start":{"line":110,"column":6},"end":{"line":110,"column":null}},"65":{"start":{"line":112,"column":4},"end":{"line":114,"column":5}},"66":{"start":{"line":113,"column":6},"end":{"line":113,"column":null}},"67":{"start":{"line":116,"column":15},"end":{"line":116,"column":null}},"68":{"start":{"line":117,"column":15},"end":{"line":117,"column":null}},"69":{"start":{"line":119,"column":4},"end":{"line":119,"column":null}},"70":{"start":{"line":119,"column":29},"end":{"line":119,"column":null}},"71":{"start":{"line":120,"column":4},"end":{"line":120,"column":null}},"72":{"start":{"line":120,"column":29},"end":{"line":120,"column":null}},"73":{"start":{"line":121,"column":4},"end":{"line":121,"column":30}},"74":{"start":{"line":125,"column":4},"end":{"line":125,"column":null}},"75":{"start":{"line":125,"column":24},"end":{"line":125,"column":null}},"76":{"start":{"line":126,"column":4},"end":{"line":126,"column":null}},"77":{"start":{"line":126,"column":24},"end":{"line":126,"column":null}},"78":{"start":{"line":128,"column":4},"end":{"line":134,"column":5}},"79":{"start":{"line":129,"column":6},"end":{"line":129,"column":null}},"80":{"start":{"line":130,"column":6},"end":{"line":130,"column":null}},"81":{"start":{"line":132,"column":6},"end":{"line":132,"column":null}},"82":{"start":{"line":132,"column":37},"end":{"line":132,"column":null}},"83":{"start":{"line":133,"column":6},"end":{"line":133,"column":null}},"84":{"start":{"line":138,"column":8},"end":{"line":138,"column":null}},"85":{"start":{"line":140,"column":8},"end":{"line":140,"column":null}},"86":{"start":{"line":142,"column":8},"end":{"line":142,"column":null}},"87":{"start":{"line":144,"column":8},"end":{"line":144,"column":null}},"88":{"start":{"line":144,"column":26},"end":{"line":144,"column":null}},"89":{"start":{"line":145,"column":8},"end":{"line":145,"column":null}},"90":{"start":{"line":147,"column":8},"end":{"line":147,"column":null}},"91":{"start":{"line":150,"column":4},"end":{"line":150,"column":null}},"92":{"start":{"line":160,"column":26},"end":{"line":160,"column":33}},"93":{"start":{"line":154,"column":18},"end":{"line":158,"column":1}},"94":{"start":{"line":160,"column":33},"end":{"line":160,"column":null}}},"fnMap":{"0":{"name":"(anonymous_3)","decl":{"start":{"line":5,"column":11},"end":{"line":5,"column":12}},"loc":{"start":{"line":5,"column":56},"end":{"line":35,"column":3}}},"1":{"name":"(anonymous_4)","decl":{"start":{"line":7,"column":21},"end":{"line":7,"column":22}},"loc":{"start":{"line":7,"column":38},"end":{"line":14,"column":5}}},"2":{"name":"(anonymous_5)","decl":{"start":{"line":39,"column":13},"end":{"line":39,"column":14}},"loc":{"start":{"line":39,"column":57},"end":{"line":50,"column":3}}},"3":{"name":"(anonymous_6)","decl":{"start":{"line":56,"column":13},"end":{"line":56,"column":14}},"loc":{"start":{"line":56,"column":85},"end":{"line":103,"column":3}}},"4":{"name":"(anonymous_7)","decl":{"start":{"line":105,"column":12},"end":{"line":105,"column":13}},"loc":{"start":{"line":105,"column":84},"end":{"line":122,"column":3}}},"5":{"name":"(anonymous_8)","decl":{"start":{"line":124,"column":10},"end":{"line":124,"column":11}},"loc":{"start":{"line":124,"column":82},"end":{"line":151,"column":3}}}},"branchMap":{"0":{"loc":{"start":{"line":8,"column":6},"end":{"line":13,"column":7}},"type":"if","locations":[{"start":{"line":8,"column":6},"end":{"line":13,"column":7}},{"start":{"line":9,"column":13},"end":{"line":13,"column":7}}]},"1":{"loc":{"start":{"line":9,"column":13},"end":{"line":13,"column":7}},"type":"if","locations":[{"start":{"line":9,"column":13},"end":{"line":13,"column":7}},{"start":{"line":11,"column":13},"end":{"line":13,"column":7}}]},"2":{"loc":{"start":{"line":16,"column":4},"end":{"line":18,"column":5}},"type":"if","locations":[{"start":{"line":16,"column":4},"end":{"line":18,"column":5}}]},"3":{"loc":{"start":{"line":20,"column":4},"end":{"line":22,"column":5}},"type":"if","locations":[{"start":{"line":20,"column":4},"end":{"line":22,"column":5}}]},"4":{"loc":{"start":{"line":27,"column":6},"end":{"line":30,"column":null}},"type":"if","locations":[{"start":{"line":27,"column":6},"end":{"line":30,"column":null}},{"start":{"line":30,"column":13},"end":{"line":30,"column":null}}]},"5":{"loc":{"start":{"line":29,"column":8},"end":{"line":29,"column":null}},"type":"if","locations":[{"start":{"line":29,"column":8},"end":{"line":29,"column":null}}]},"6":{"loc":{"start":{"line":33,"column":4},"end":{"line":33,"column":null}},"type":"if","locations":[{"start":{"line":33,"column":4},"end":{"line":33,"column":null}}]},"7":{"loc":{"start":{"line":33,"column":8},"end":{"line":33,"column":51}},"type":"binary-expr","locations":[{"start":{"line":33,"column":8},"end":{"line":33,"column":37}},{"start":{"line":33,"column":37},"end":{"line":33,"column":51}}]},"8":{"loc":{"start":{"line":43,"column":6},"end":{"line":43,"column":null}},"type":"if","locations":[{"start":{"line":43,"column":6},"end":{"line":43,"column":null}}]},"9":{"loc":{"start":{"line":46,"column":4},"end":{"line":48,"column":5}},"type":"if","locations":[{"start":{"line":46,"column":4},"end":{"line":48,"column":5}}]},"10":{"loc":{"start":{"line":57,"column":4},"end":{"line":57,"column":null}},"type":"if","locations":[{"start":{"line":57,"column":4},"end":{"line":57,"column":null}}]},"11":{"loc":{"start":{"line":58,"column":4},"end":{"line":58,"column":null}},"type":"if","locations":[{"start":{"line":58,"column":4},"end":{"line":58,"column":null}}]},"12":{"loc":{"start":{"line":60,"column":4},"end":{"line":62,"column":5}},"type":"if","locations":[{"start":{"line":60,"column":4},"end":{"line":62,"column":5}}]},"13":{"loc":{"start":{"line":63,"column":4},"end":{"line":65,"column":5}},"type":"if","locations":[{"start":{"line":63,"column":4},"end":{"line":65,"column":5}}]},"14":{"loc":{"start":{"line":67,"column":15},"end":{"line":67,"column":null}},"type":"cond-expr","locations":[{"start":{"line":67,"column":31},"end":{"line":67,"column":null}},{"start":{"line":67,"column":18},"end":{"line":67,"column":null}}]},"15":{"loc":{"start":{"line":68,"column":15},"end":{"line":68,"column":null}},"type":"cond-expr","locations":[{"start":{"line":68,"column":31},"end":{"line":68,"column":null}},{"start":{"line":68,"column":18},"end":{"line":68,"column":null}}]},"16":{"loc":{"start":{"line":70,"column":4},"end":{"line":101,"column":5}},"type":"if","locations":[{"start":{"line":70,"column":4},"end":{"line":101,"column":5}},{"start":{"line":86,"column":11},"end":{"line":101,"column":5}}]},"17":{"loc":{"start":{"line":73,"column":8},"end":{"line":74,"column":null}},"type":"switch","locations":[{"start":{"line":73,"column":8},"end":{"line":74,"column":null}},{"start":{"line":75,"column":8},"end":{"line":76,"column":null}},{"start":{"line":77,"column":8},"end":{"line":78,"column":null}},{"start":{"line":79,"column":8},"end":{"line":80,"column":null}},{"start":{"line":81,"column":8},"end":{"line":82,"column":null}},{"start":{"line":83,"column":8},"end":{"line":84,"column":null}}]},"18":{"loc":{"start":{"line":88,"column":8},"end":{"line":89,"column":null}},"type":"switch","locations":[{"start":{"line":88,"column":8},"end":{"line":89,"column":null}},{"start":{"line":90,"column":8},"end":{"line":91,"column":null}},{"start":{"line":92,"column":8},"end":{"line":93,"column":null}},{"start":{"line":94,"column":8},"end":{"line":95,"column":null}},{"start":{"line":96,"column":8},"end":{"line":97,"column":null}},{"start":{"line":98,"column":8},"end":{"line":99,"column":null}}]},"19":{"loc":{"start":{"line":106,"column":4},"end":{"line":106,"column":null}},"type":"if","locations":[{"start":{"line":106,"column":4},"end":{"line":106,"column":null}}]},"20":{"loc":{"start":{"line":107,"column":4},"end":{"line":107,"column":null}},"type":"if","locations":[{"start":{"line":107,"column":4},"end":{"line":107,"column":null}}]},"21":{"loc":{"start":{"line":109,"column":4},"end":{"line":111,"column":5}},"type":"if","locations":[{"start":{"line":109,"column":4},"end":{"line":111,"column":5}}]},"22":{"loc":{"start":{"line":112,"column":4},"end":{"line":114,"column":5}},"type":"if","locations":[{"start":{"line":112,"column":4},"end":{"line":114,"column":5}}]},"23":{"loc":{"start":{"line":116,"column":15},"end":{"line":116,"column":null}},"type":"cond-expr","locations":[{"start":{"line":116,"column":31},"end":{"line":116,"column":null}},{"start":{"line":116,"column":18},"end":{"line":116,"column":null}}]},"24":{"loc":{"start":{"line":117,"column":15},"end":{"line":117,"column":null}},"type":"cond-expr","locations":[{"start":{"line":117,"column":31},"end":{"line":117,"column":null}},{"start":{"line":117,"column":18},"end":{"line":117,"column":null}}]},"25":{"loc":{"start":{"line":119,"column":4},"end":{"line":119,"column":null}},"type":"if","locations":[{"start":{"line":119,"column":4},"end":{"line":119,"column":null}}]},"26":{"loc":{"start":{"line":119,"column":38},"end":{"line":119,"column":null}},"type":"cond-expr","locations":[{"start":{"line":119,"column":47},"end":{"line":119,"column":56}},{"start":{"line":119,"column":56},"end":{"line":119,"column":null}}]},"27":{"loc":{"start":{"line":120,"column":4},"end":{"line":120,"column":null}},"type":"if","locations":[{"start":{"line":120,"column":4},"end":{"line":120,"column":null}}]},"28":{"loc":{"start":{"line":120,"column":38},"end":{"line":120,"column":null}},"type":"cond-expr","locations":[{"start":{"line":120,"column":47},"end":{"line":120,"column":56}},{"start":{"line":120,"column":56},"end":{"line":120,"column":null}}]},"29":{"loc":{"start":{"line":125,"column":4},"end":{"line":125,"column":null}},"type":"if","locations":[{"start":{"line":125,"column":4},"end":{"line":125,"column":null}}]},"30":{"loc":{"start":{"line":126,"column":4},"end":{"line":126,"column":null}},"type":"if","locations":[{"start":{"line":126,"column":4},"end":{"line":126,"column":null}}]},"31":{"loc":{"start":{"line":132,"column":6},"end":{"line":132,"column":null}},"type":"if","locations":[{"start":{"line":132,"column":6},"end":{"line":132,"column":null}}]},"32":{"loc":{"start":{"line":137,"column":6},"end":{"line":138,"column":null}},"type":"switch","locations":[{"start":{"line":137,"column":6},"end":{"line":138,"column":null}},{"start":{"line":139,"column":6},"end":{"line":140,"column":null}},{"start":{"line":141,"column":6},"end":{"line":142,"column":null}},{"start":{"line":143,"column":6},"end":{"line":145,"column":null}},{"start":{"line":146,"column":6},"end":{"line":147,"column":null}}]},"33":{"loc":{"start":{"line":144,"column":8},"end":{"line":144,"column":null}},"type":"if","locations":[{"start":{"line":144,"column":8},"end":{"line":144,"column":null}}]}},"s":{"0":13,"1":13,"2":13,"3":203,"4":203,"5":203,"6":203,"7":203,"8":0,"9":203,"10":0,"11":203,"12":0,"13":203,"14":203,"15":0,"16":0,"17":0,"18":0,"19":203,"20":0,"21":203,"22":13,"23":13,"24":1,"25":1,"26":0,"27":0,"28":0,"29":1,"30":1,"31":0,"32":13,"33":13,"34":13,"35":148,"36":0,"37":148,"38":0,"39":148,"40":0,"41":148,"42":7,"43":148,"44":148,"45":148,"46":67,"47":32,"48":19,"49":4,"50":0,"51":6,"52":20,"53":0,"54":0,"55":0,"56":0,"57":0,"58":0,"59":9,"60":0,"61":9,"62":0,"63":9,"64":0,"65":9,"66":0,"67":9,"68":9,"69":9,"70":0,"71":9,"72":0,"73":9,"74":68,"75":0,"76":68,"77":0,"78":68,"79":68,"80":68,"81":0,"82":0,"83":0,"84":4,"85":11,"86":9,"87":17,"88":4,"89":13,"90":27,"91":0,"92":13,"93":13,"94":13},"f":{"0":203,"1":203,"2":1,"3":148,"4":9,"5":68},"b":{"0":[0,203],"1":[203,0],"2":[0],"3":[0],"4":[0,0],"5":[0],"6":[0],"7":[203,203],"8":[0],"9":[1],"10":[0],"11":[0],"12":[0],"13":[7],"14":[0,148],"15":[0,148],"16":[128,20],"17":[67,32,19,4,0,6],"18":[20,0,0,0,0,0],"19":[0],"20":[0],"21":[0],"22":[0],"23":[0,9],"24":[0,9],"25":[0],"26":[0,0],"27":[0],"28":[0,0],"29":[0],"30":[0],"31":[0],"32":[4,11,9,17,27],"33":[4]}}
,"D:\\Sources\\vma-grid\\src\\formula\\formulas\\functions\\date.ts": {"path":"D:\\Sources\\vma-grid\\src\\formula\\formulas\\functions\\date.ts","statementMap":{"0":{"start":{"line":1,"column":35},"end":{"line":1,"column":null}},"1":{"start":{"line":2,"column":50},"end":{"line":2,"column":null}},"2":{"start":{"line":4,"column":10},"end":{"line":4,"column":null}},"3":{"start":{"line":6,"column":19},"end":{"line":6,"column":38}},"4":{"start":{"line":7,"column":14},"end":{"line":7,"column":null}},"5":{"start":{"line":8,"column":20},"end":{"line":28,"column":1}},"6":{"start":{"line":29,"column":19},"end":{"line":48,"column":1}},"7":{"start":{"line":49,"column":22},"end":{"line":68,"column":1}},"8":{"start":{"line":71,"column":15},"end":{"line":71,"column":null}},"9":{"start":{"line":73,"column":16},"end":{"line":73,"column":null}},"10":{"start":{"line":75,"column":16},"end":{"line":75,"column":null}},"11":{"start":{"line":78,"column":16},"end":{"line":78,"column":null}},"12":{"start":{"line":82,"column":15},"end":{"line":82,"column":null}},"13":{"start":{"line":83,"column":15},"end":{"line":83,"column":null}},"14":{"start":{"line":84,"column":15},"end":{"line":84,"column":null}},"15":{"start":{"line":85,"column":2},"end":{"line":91,"column":3}},"16":{"start":{"line":86,"column":4},"end":{"line":86,"column":null}},"17":{"start":{"line":87,"column":9},"end":{"line":91,"column":3}},"18":{"start":{"line":88,"column":4},"end":{"line":88,"column":null}},"19":{"start":{"line":89,"column":9},"end":{"line":91,"column":3}},"20":{"start":{"line":90,"column":4},"end":{"line":90,"column":null}},"21":{"start":{"line":92,"column":2},"end":{"line":92,"column":null}},"22":{"start":{"line":100,"column":14},"end":{"line":100,"column":null}},"23":{"start":{"line":101,"column":2},"end":{"line":101,"column":null}},"24":{"start":{"line":101,"column":12},"end":{"line":101,"column":null}},"25":{"start":{"line":104,"column":18},"end":{"line":104,"column":null}},"26":{"start":{"line":105,"column":18},"end":{"line":105,"column":null}},"27":{"start":{"line":106,"column":15},"end":{"line":106,"column":null}},"28":{"start":{"line":108,"column":15},"end":{"line":109,"column":null}},"29":{"start":{"line":111,"column":12},"end":{"line":111,"column":null}},"30":{"start":{"line":112,"column":2},"end":{"line":120,"column":null}},"31":{"start":{"line":124,"column":2},"end":{"line":132,"column":null}},"32":{"start":{"line":143,"column":16},"end":{"line":143,"column":45}},"33":{"start":{"line":144,"column":2},"end":{"line":144,"column":null}},"34":{"start":{"line":153,"column":2},"end":{"line":155,"column":3}},"35":{"start":{"line":154,"column":4},"end":{"line":154,"column":null}},"36":{"start":{"line":156,"column":2},"end":{"line":158,"column":3}},"37":{"start":{"line":157,"column":4},"end":{"line":157,"column":null}},"38":{"start":{"line":159,"column":2},"end":{"line":159,"column":null}},"39":{"start":{"line":163,"column":2},"end":{"line":163,"column":null}},"40":{"start":{"line":163,"column":38},"end":{"line":163,"column":null}},"41":{"start":{"line":164,"column":2},"end":{"line":164,"column":null}},"42":{"start":{"line":165,"column":20},"end":{"line":165,"column":24}},"43":{"start":{"line":167,"column":2},"end":{"line":179,"column":3}},"44":{"start":{"line":168,"column":4},"end":{"line":168,"column":null}},"45":{"start":{"line":169,"column":4},"end":{"line":169,"column":null}},"46":{"start":{"line":172,"column":4},"end":{"line":172,"column":null}},"47":{"start":{"line":174,"column":4},"end":{"line":178,"column":5}},"48":{"start":{"line":175,"column":6},"end":{"line":175,"column":null}},"49":{"start":{"line":177,"column":6},"end":{"line":177,"column":null}},"50":{"start":{"line":180,"column":2},"end":{"line":180,"column":null}},"51":{"start":{"line":184,"column":2},"end":{"line":184,"column":null}},"52":{"start":{"line":188,"column":2},"end":{"line":191,"column":null}},"53":{"start":{"line":196,"column":2},"end":{"line":198,"column":3}},"54":{"start":{"line":197,"column":4},"end":{"line":197,"column":null}},"55":{"start":{"line":199,"column":2},"end":{"line":199,"column":null}},"56":{"start":{"line":202,"column":22},"end":{"line":659,"column":1}},"57":{"start":{"line":204,"column":4},"end":{"line":204,"column":null}},"58":{"start":{"line":205,"column":4},"end":{"line":205,"column":null}},"59":{"start":{"line":206,"column":4},"end":{"line":206,"column":null}},"60":{"start":{"line":207,"column":4},"end":{"line":207,"column":null}},"61":{"start":{"line":207,"column":35},"end":{"line":207,"column":null}},"62":{"start":{"line":210,"column":4},"end":{"line":212,"column":5}},"63":{"start":{"line":211,"column":6},"end":{"line":211,"column":null}},"64":{"start":{"line":214,"column":4},"end":{"line":214,"column":null}},"65":{"start":{"line":218,"column":4},"end":{"line":218,"column":null}},"66":{"start":{"line":219,"column":4},"end":{"line":219,"column":null}},"67":{"start":{"line":220,"column":4},"end":{"line":220,"column":null}},"68":{"start":{"line":222,"column":4},"end":{"line":222,"column":null}},"69":{"start":{"line":222,"column":29},"end":{"line":222,"column":null}},"70":{"start":{"line":223,"column":21},"end":{"line":223,"column":null}},"71":{"start":{"line":224,"column":22},"end":{"line":224,"column":null}},"72":{"start":{"line":225,"column":20},"end":{"line":225,"column":null}},"73":{"start":{"line":229,"column":8},"end":{"line":229,"column":null}},"74":{"start":{"line":230,"column":8},"end":{"line":230,"column":null}},"75":{"start":{"line":232,"column":8},"end":{"line":232,"column":null}},"76":{"start":{"line":233,"column":8},"end":{"line":233,"column":null}},"77":{"start":{"line":235,"column":8},"end":{"line":235,"column":null}},"78":{"start":{"line":238,"column":8},"end":{"line":238,"column":null}},"79":{"start":{"line":239,"column":8},"end":{"line":243,"column":9}},"80":{"start":{"line":240,"column":10},"end":{"line":240,"column":null}},"81":{"start":{"line":242,"column":10},"end":{"line":242,"column":null}},"82":{"start":{"line":244,"column":8},"end":{"line":244,"column":null}},"83":{"start":{"line":247,"column":8},"end":{"line":247,"column":null}},"84":{"start":{"line":248,"column":8},"end":{"line":248,"column":null}},"85":{"start":{"line":251,"column":8},"end":{"line":255,"column":9}},"86":{"start":{"line":252,"column":10},"end":{"line":252,"column":null}},"87":{"start":{"line":254,"column":10},"end":{"line":254,"column":null}},"88":{"start":{"line":256,"column":8},"end":{"line":256,"column":null}},"89":{"start":{"line":266,"column":4},"end":{"line":266,"column":null}},"90":{"start":{"line":267,"column":34},"end":{"line":267,"column":62}},"91":{"start":{"line":267,"column":34},"end":{"line":267,"column":16}},"92":{"start":{"line":267,"column":34},"end":{"line":267,"column":29}},"93":{"start":{"line":268,"column":4},"end":{"line":268,"column":null}},"94":{"start":{"line":268,"column":22},"end":{"line":268,"column":null}},"95":{"start":{"line":269,"column":19},"end":{"line":269,"column":null}},"96":{"start":{"line":270,"column":4},"end":{"line":270,"column":null}},"97":{"start":{"line":270,"column":40},"end":{"line":270,"column":null}},"98":{"start":{"line":271,"column":4},"end":{"line":271,"column":null}},"99":{"start":{"line":275,"column":17},"end":{"line":275,"column":null}},"100":{"start":{"line":276,"column":4},"end":{"line":276,"column":null}},"101":{"start":{"line":280,"column":4},"end":{"line":280,"column":null}},"102":{"start":{"line":281,"column":4},"end":{"line":281,"column":null}},"103":{"start":{"line":282,"column":17},"end":{"line":282,"column":18}},"104":{"start":{"line":283,"column":4},"end":{"line":285,"column":5}},"105":{"start":{"line":284,"column":6},"end":{"line":284,"column":null}},"106":{"start":{"line":286,"column":4},"end":{"line":286,"column":null}},"107":{"start":{"line":290,"column":4},"end":{"line":290,"column":null}},"108":{"start":{"line":291,"column":4},"end":{"line":291,"column":null}},"109":{"start":{"line":293,"column":4},"end":{"line":293,"column":null}},"110":{"start":{"line":295,"column":4},"end":{"line":297,"column":5}},"111":{"start":{"line":296,"column":6},"end":{"line":296,"column":null}},"112":{"start":{"line":298,"column":4},"end":{"line":305,"column":5}},"113":{"start":{"line":299,"column":6},"end":{"line":299,"column":null}},"114":{"start":{"line":302,"column":6},"end":{"line":304,"column":7}},"115":{"start":{"line":303,"column":8},"end":{"line":303,"column":null}},"116":{"start":{"line":307,"column":21},"end":{"line":307,"column":null}},"117":{"start":{"line":308,"column":22},"end":{"line":308,"column":null}},"118":{"start":{"line":309,"column":20},"end":{"line":309,"column":null}},"119":{"start":{"line":311,"column":4},"end":{"line":311,"column":null}},"120":{"start":{"line":315,"column":4},"end":{"line":315,"column":null}},"121":{"start":{"line":316,"column":4},"end":{"line":316,"column":null}},"122":{"start":{"line":317,"column":4},"end":{"line":317,"column":null}},"123":{"start":{"line":318,"column":4},"end":{"line":318,"column":null}},"124":{"start":{"line":322,"column":4},"end":{"line":322,"column":null}},"125":{"start":{"line":323,"column":4},"end":{"line":323,"column":null}},"126":{"start":{"line":324,"column":4},"end":{"line":324,"column":null}},"127":{"start":{"line":325,"column":4},"end":{"line":325,"column":null}},"128":{"start":{"line":329,"column":17},"end":{"line":329,"column":null}},"129":{"start":{"line":330,"column":4},"end":{"line":330,"column":null}},"130":{"start":{"line":334,"column":17},"end":{"line":334,"column":null}},"131":{"start":{"line":337,"column":14},"end":{"line":338,"column":null}},"132":{"start":{"line":340,"column":19},"end":{"line":340,"column":null}},"133":{"start":{"line":341,"column":4},"end":{"line":341,"column":null}},"134":{"start":{"line":342,"column":22},"end":{"line":342,"column":null}},"135":{"start":{"line":343,"column":4},"end":{"line":343,"column":null}},"136":{"start":{"line":347,"column":17},"end":{"line":347,"column":null}},"137":{"start":{"line":348,"column":4},"end":{"line":348,"column":null}},"138":{"start":{"line":352,"column":17},"end":{"line":352,"column":null}},"139":{"start":{"line":353,"column":4},"end":{"line":353,"column":null}},"140":{"start":{"line":357,"column":4},"end":{"line":357,"column":null}},"141":{"start":{"line":358,"column":4},"end":{"line":358,"column":null}},"142":{"start":{"line":359,"column":15},"end":{"line":359,"column":16}},"143":{"start":{"line":360,"column":4},"end":{"line":365,"column":5}},"144":{"start":{"line":361,"column":6},"end":{"line":361,"column":null}},"145":{"start":{"line":362,"column":19},"end":{"line":362,"column":28}},"146":{"start":{"line":363,"column":6},"end":{"line":363,"column":null}},"147":{"start":{"line":364,"column":6},"end":{"line":364,"column":null}},"148":{"start":{"line":366,"column":29},"end":{"line":366,"column":31}},"149":{"start":{"line":367,"column":4},"end":{"line":371,"column":5}},"150":{"start":{"line":368,"column":6},"end":{"line":370,"column":null}},"151":{"start":{"line":369,"column":8},"end":{"line":369,"column":null}},"152":{"start":{"line":372,"column":22},"end":{"line":372,"column":23}},"153":{"start":{"line":373,"column":11},"end":{"line":386,"column":5}},"154":{"start":{"line":375,"column":6},"end":{"line":384,"column":7}},"155":{"start":{"line":376,"column":20},"end":{"line":376,"column":25}},"156":{"start":{"line":377,"column":8},"end":{"line":382,"column":9}},"157":{"start":{"line":377,"column":21},"end":{"line":377,"column":22}},"158":{"start":{"line":378,"column":10},"end":{"line":381,"column":11}},"159":{"start":{"line":379,"column":12},"end":{"line":379,"column":null}},"160":{"start":{"line":380,"column":12},"end":{"line":380,"column":null}},"161":{"start":{"line":383,"column":8},"end":{"line":383,"column":null}},"162":{"start":{"line":383,"column":20},"end":{"line":383,"column":null}},"163":{"start":{"line":385,"column":6},"end":{"line":385,"column":null}},"164":{"start":{"line":387,"column":4},"end":{"line":387,"column":null}},"165":{"start":{"line":391,"column":4},"end":{"line":391,"column":null}},"166":{"start":{"line":392,"column":4},"end":{"line":392,"column":null}},"167":{"start":{"line":393,"column":15},"end":{"line":393,"column":16}},"168":{"start":{"line":394,"column":4},"end":{"line":399,"column":5}},"169":{"start":{"line":395,"column":6},"end":{"line":395,"column":null}},"170":{"start":{"line":396,"column":19},"end":{"line":396,"column":28}},"171":{"start":{"line":397,"column":6},"end":{"line":397,"column":null}},"172":{"start":{"line":398,"column":6},"end":{"line":398,"column":null}},"1
[...]
n":null}},"112":{"start":{"line":246,"column":4},"end":{"line":246,"column":null}},"113":{"start":{"line":288,"column":15},"end":{"line":288,"column":20}}},"fnMap":{"0":{"name":"(anonymous_8)","decl":{"start":{"line":34,"column":13},"end":{"line":34,"column":14}},"loc":{"start":{"line":34,"column":27},"end":{"line":43,"column":3}}},"1":{"name":"parseCellAddress","decl":{"start":{"line":23,"column":2},"end":{"line":23,"column":10}},"loc":{"start":{"line":23,"column":37},"end":{"line":32,"column":3}}},"2":{"name":"parseCol","decl":{"start":{"line":45,"column":2},"end":{"line":45,"column":10}},"loc":{"start":{"line":45,"column":21},"end":{"line":52,"column":3}}},"3":{"name":"applyPrefix","decl":{"start":{"line":60,"column":2},"end":{"line":60,"column":10}},"loc":{"start":{"line":60,"column":41},"end":{"line":63,"column":3}}},"4":{"name":"applyPostfix","decl":{"start":{"line":65,"column":2},"end":{"line":65,"column":10}},"loc":{"start":{"line":65,"column":41},"end":{"line":68,"column":3}}},"5":{"name":"applyInfix","decl":{"start":{"line":70,"column":2},"end":{"line":70,"column":10}},"loc":{"start":{"line":70,"column":51},"end":{"line":74,"column":3}}},"6":{"name":"applyIntersect","decl":{"start":{"line":76,"column":2},"end":{"line":76,"column":10}},"loc":{"start":{"line":76,"column":28},"end":{"line":172,"column":3}}},"7":{"name":"(anonymous_21)","decl":{"start":{"line":108,"column":17},"end":{"line":108,"column":18}},"loc":{"start":{"line":108,"column":31},"end":{"line":149,"column":5}}},"8":{"name":"applyUnion","decl":{"start":{"line":174,"column":2},"end":{"line":174,"column":10}},"loc":{"start":{"line":174,"column":24},"end":{"line":183,"column":3}}},"9":{"name":"applyRange","decl":{"start":{"line":190,"column":2},"end":{"line":190,"column":10}},"loc":{"start":{"line":190,"column":24},"end":{"line":234,"column":3}}},"10":{"name":"(anonymous_24)","decl":{"start":{"line":196,"column":17},"end":{"line":196,"column":18}},"loc":{"start":{"line":196,"column":31},"end":{"line":217,"column":5}}},"11":{"name":"extractRefValue","decl":{"start":{"line":240,"column":2},"end":{"line":240,"column":10}},"loc":{"start":{"line":240,"column":28},"end":{"line":247,"column":3}}}},"branchMap":{"0":{"loc":{"start":{"line":36,"column":4},"end":{"line":36,"column":null}},"type":"if","locations":[{"start":{"line":36,"column":4},"end":{"line":36,"column":null}}]},"1":{"loc":{"start":{"line":78,"column":4},"end":{"line":78,"column":null}},"type":"if","locations":[{"start":{"line":78,"column":4},"end":{"line":78,"column":null}}]},"2":{"loc":{"start":{"line":79,"column":4},"end":{"line":79,"column":null}},"type":"if","locations":[{"start":{"line":79,"column":4},"end":{"line":79,"column":null}}]},"3":{"loc":{"start":{"line":89,"column":4},"end":{"line":105,"column":5}},"type":"if","locations":[{"start":{"line":89,"column":4},"end":{"line":105,"column":5}},{"start":{"line":98,"column":11},"end":{"line":105,"column":5}}]},"4":{"loc":{"start":{"line":91,"column":6},"end":{"line":93,"column":7}},"type":"if","locations":[{"start":{"line":91,"column":6},"end":{"line":93,"column":7}}]},"5":{"loc":{"start":{"line":91,"column":10},"end":{"line":91,"column":56}},"type":"binary-expr","locations":[{"start":{"line":91,"column":10},"end":{"line":91,"column":31}},{"start":{"line":91,"column":35},"end":{"line":91,"column":56}}]},"6":{"loc":{"start":{"line":109,"column":6},"end":{"line":109,"column":null}},"type":"if","locations":[{"start":{"line":109,"column":6},"end":{"line":109,"column":null}}]},"7":{"loc":{"start":{"line":111,"column":6},"end":{"line":111,"column":null}},"type":"if","locations":[{"start":{"line":111,"column":6},"end":{"line":111,"column":null}}]},"8":{"loc":{"start":{"line":112,"column":6},"end":{"line":148,"column":7}},"type":"if","locations":[{"start":{"line":112,"column":6},"end":{"line":148,"column":7}},{"start":{"line":128,"column":13},"end":{"line":148,"column":7}}]},"9":{"loc":{"start":{"line":113,"column":8},"end":{"line":115,"column":9}},"type":"if","locations":[{"start":{"line":113,"column":8},"end":{"line":115,"column":9}}]},"10":{"loc":{"start":{"line":113,"column":12},"end":{"line":113,"column":58}},"type":"binary-expr","locations":[{"start":{"line":113,"column":12},"end":{"line":113,"column":33}},{"start":{"line":113,"column":37},"end":{"line":113,"column":58}}]},"11":{"loc":{"start":{"line":117,"column":8},"end":{"line":125,"column":9}},"type":"if","locations":[{"start":{"line":117,"column":8},"end":{"line":125,"column":9}}]},"12":{"loc":{"start":{"line":118,"column":10},"end":{"line":122,"column":29}},"type":"binary-expr","locations":[{"start":{"line":118,"column":10},"end":{"line":118,"column":26}},{"start":{"line":119,"column":10},"end":{"line":119,"column":26}},{"start":{"line":120,"column":10},"end":{"line":120,"column":26}},{"start":{"line":121,"column":10},"end":{"line":121,"column":26}},{"start":{"line":122,"column":10},"end":{"line":122,"column":29}}]},"13":{"loc":{"start":{"line":134,"column":8},"end":{"line":142,"column":9}},"type":"if","locations":[{"start":{"line":134,"column":8},"end":{"line":142,"column":9}}]},"14":{"loc":{"start":{"line":135,"column":10},"end":{"line":139,"column":29}},"type":"binary-expr","locations":[{"start":{"line":135,"column":10},"end":{"line":135,"column":28}},{"start":{"line":136,"column":10},"end":{"line":136,"column":28}},{"start":{"line":137,"column":10},"end":{"line":137,"column":28}},{"start":{"line":138,"column":10},"end":{"line":138,"column":28}},{"start":{"line":139,"column":10},"end":{"line":139,"column":29}}]},"15":{"loc":{"start":{"line":150,"column":4},"end":{"line":150,"column":null}},"type":"if","locations":[{"start":{"line":150,"column":4},"end":{"line":150,"column":null}}]},"16":{"loc":{"start":{"line":152,"column":4},"end":{"line":168,"column":5}},"type":"if","locations":[{"start":{"line":152,"column":4},"end":{"line":168,"column":5}},{"start":{"line":160,"column":11},"end":{"line":168,"column":5}}]},"17":{"loc":{"start":{"line":152,"column":8},"end":{"line":152,"column":46}},"type":"binary-expr","locations":[{"start":{"line":152,"column":8},"end":{"line":152,"column":25}},{"start":{"line":152,"column":29},"end":{"line":152,"column":46}}]},"18":{"loc":{"start":{"line":170,"column":4},"end":{"line":170,"column":null}},"type":"if","locations":[{"start":{"line":170,"column":4},"end":{"line":170,"column":null}}]},"19":{"loc":{"start":{"line":177,"column":6},"end":{"line":177,"column":null}},"type":"if","locations":[{"start":{"line":177,"column":6},"end":{"line":177,"column":null}}]},"20":{"loc":{"start":{"line":197,"column":6},"end":{"line":197,"column":null}},"type":"if","locations":[{"start":{"line":197,"column":6},"end":{"line":197,"column":null}}]},"21":{"loc":{"start":{"line":199,"column":6},"end":{"line":201,"column":7}},"type":"if","locations":[{"start":{"line":199,"column":6},"end":{"line":201,"column":7}}]},"22":{"loc":{"start":{"line":204,"column":6},"end":{"line":207,"column":7}},"type":"if","locations":[{"start":{"line":204,"column":6},"end":{"line":207,"column":7}}]},"23":{"loc":{"start":{"line":208,"column":6},"end":{"line":211,"column":7}},"type":"if","locations":[{"start":{"line":208,"column":6},"end":{"line":211,"column":7}}]},"24":{"loc":{"start":{"line":213,"column":6},"end":{"line":213,"column":null}},"type":"if","locations":[{"start":{"line":213,"column":6},"end":{"line":213,"column":null}}]},"25":{"loc":{"start":{"line":214,"column":6},"end":{"line":214,"column":null}},"type":"if","locations":[{"start":{"line":214,"column":6},"end":{"line":214,"column":null}}]},"26":{"loc":{"start":{"line":215,"column":6},"end":{"line":215,"column":null}},"type":"if","locations":[{"start":{"line":215,"column":6},"end":{"line":215,"column":null}}]},"27":{"loc":{"start":{"line":216,"column":6},"end":{"line":216,"column":null}},"type":"if","locations":[{"start":{"line":216,"column":6},"end":{"line":216,"column":null}}]},"28":{"loc":{"start":{"line":218,"column":4},"end":{"line":232,"column":5}},"type":"if","locations":[{"start":{"line":218,"column":4},"end":{"line":232,"column":5}},{"start":{"line":225,"column":11},"end":{"line":232,"column":5}}]},"29":{"loc":{"start":{"line":218,"column":8},"end":{"line":218,"column":46}},"type":"binary-expr","locations":[{"start":{"line":218,"column":8},"end":{"line":218,"column":25}},{"start":{"line":218,"column":29},"end":{"line":218,"column":46}}]},"30":{"loc":{"start":{"line":242,"column":4},"end":{"line":245,"column":5}},"type":"if","locations":[{"start":{"line":242,"column":4},"end":{"line":245,"column":5}}]}},"s":{"0":2,"1":2,"2":2,"3":2,"4":2,"5":52,"6":4,"7":2,"8":2,"9":0,"10":2,"11":1,"12":27,"13":2,"14":1,"15":1,"16":32,"17":4,"18":50,"19":50,"20":2,"21":1,"22":1,"23":1,"24":1,"25":40,"26":40,"27":40,"28":1,"29":0,"30":1,"31":0,"32":1,"33":1,"34":1,"35":0,"36":0,"37":0,"38":0,"39":1,"40":1,"41":1,"42":1,"43":1,"44":1,"45":0,"46":1,"47":1,"48":0,"49":1,"50":0,"51":0,"52":0,"53":0,"54":0,"55":0,"56":1,"57":1,"58":1,"59":1,"60":1,"61":0,"62":1,"63":1,"64":1,"65":1,"66":1,"67":0,"68":1,"69":1,"70":0,"71":1,"72":1,"73":1,"74":1,"75":1,"76":1,"77":2,"78":0,"79":2,"80":1,"81":14,"82":14,"83":14,"84":14,"85":14,"86":28,"87":0,"88":28,"89":2,"90":28,"91":28,"92":2,"93":2,"94":28,"95":2,"96":2,"97":28,"98":24,"99":28,"100":13,"101":28,"102":24,"103":28,"104":13,"105":14,"106":0,"107":14,"108":14,"109":84,"110":84,"111":37,"112":47,"113":2},"f":{"0":2,"1":50,"2":2,"3":1,"4":1,"5":40,"6":1,"7":1,"8":1,"9":14,"10":28,"11":84},"b":{"0":[0],"1":[0],"2":[0],"3":[0,1],"4":[0],"5":[0,0],"6":[0],"7":[0],"8":[0,1],"9":[0],"10":[0,0],"11":[0],"12":[0,0,0,0,0],"13":[0],"14":[1,1,1,1,1],"15":[0],"16":[1,0],"17":[1,1],"18":[1],"19":[0],"20":[0],"21":[2],"22":[2],"23":[2],"24":[24],"25":[13],"26":[24],"27":[13],"28":[0,14],"29":[14,2],"30":[37]}}
,"D:\\Sources\\vma-grid\\src\\formula\\grammar\\type\\collection.ts": {"path":"D:\\Sources\\vma-grid\\src\\formula\\grammar\\type\\collection.ts","statementMap":{"0":{"start":{"line":11,"column":4},"end":{"line":19,"column":5}},"1":{"start":{"line":12,"column":6},"end":{"line":12,"column":null}},"2":{"start":{"line":13,"column":6},"end":{"line":13,"column":null}},"3":{"start":{"line":15,"column":6},"end":{"line":16,"column":null}},"4":{"start":{"line":16,"column":8},"end":{"line":16,"column":null}},"5":{"start":{"line":17,"column":6},"end":{"line":17,"column":null}},"6":{"start":{"line":18,"column":6},"end":{"line":18,"column":null}},"7":{"start":{"line":23,"column":4},"end":{"line":23,"column":null}},"8":{"start":{"line":27,"column":4},"end":{"line":27,"column":null}},"9":{"start":{"line":31,"column":4},"end":{"line":31,"column":null}},"10":{"start":{"line":40,"column":4},"end":{"line":40,"column":null}},"11":{"start":{"line":41,"column":4},"end":{"line":41,"column":null}},"12":{"start":{"line":45,"column":15},"end":{"line":45,"column":25}}},"fnMap":{"0":{"name":"get","decl":{"start":{"line":22,"column":10},"end":{"line":22,"column":13}},"loc":{"start":{"line":22,"column":13},"end":{"line":24,"column":3}}},"1":{"name":"get","decl":{"start":{"line":26,"column":10},"end":{"line":26,"column":13}},"loc":{"start":{"line":26,"column":13},"end":{"line":28,"column":3}}},"2":{"name":"get","decl":{"start":{"line":30,"column":10},"end":{"line":30,"column":12}},"loc":{"start":{"line":30,"column":15},"end":{"line":32,"column":3}}},"3":{"name":"add","decl":{"start":{"line":39,"column":2},"end":{"line":39,"column":5}},"loc":{"start":{"line":39,"column":26},"end":{"line":42,"column":3}}}},"branchMap":{"0":{"loc":{"start":{"line":11,"column":4},"end":{"line":19,"column":5}},"type":"if","locations":[{"start":{"line":11,"column":4},"end":{"line":19,"column":5}},{"start":{"line":14,"column":11},"end":{"line":19,"column":5}}]},"1":{"loc":{"start":{"line":11,"column":8},"end":{"line":11,"column":36}},"type":"binary-expr","locations":[{"start":{"line":11,"column":8},"end":{"line":11,"column":20}},{"start":{"line":11,"column":24},"end":{"line":11,"column":36}}]},"2":{"loc":{"start":{"line":15,"column":6},"end":{"line":16,"column":null}},"type":"if","locations":[{"start":{"line":15,"column":6},"end":{"line":16,"column":null}}]}},"s":{"0":21,"1":19,"2":19,"3":2,"4":1,"5":1,"6":1,"7":13,"8":1,"9":1,"10":39,"11":39,"12":14},"f":{"0":13,"1":1,"2":1,"3":39},"b":{"0":[19,2],"1":[21,19],"2":[1]}}
,"D:\\Sources\\vma-grid\\test\\formula\\unit\\utils.ts": {"path":"D:\\Sources\\vma-grid\\test\\formula\\unit\\utils.ts","statementMap":{"0":{"start":{"line":5,"column":22},"end":{"line":41,"column":1}},"1":{"start":{"line":6,"column":15},"end":{"line":6,"column":null}},"2":{"start":{"line":8,"column":2},"end":{"line":40,"column":null}},"3":{"start":{"line":9,"column":4},"end":{"line":39,"column":null}},"4":{"start":{"line":10,"column":23},"end":{"line":10,"column":null}},"5":{"start":{"line":11,"column":6},"end":{"line":38,"column":null}},"6":{"start":{"line":12,"column":25},"end":{"line":12,"column":null}},"7":{"start":{"line":13,"column":21},"end":{"line":13,"column":null}},"8":{"start":{"line":14,"column":8},"end":{"line":16,"column":9}},"9":{"start":{"line":15,"column":10},"end":{"line":15,"column":null}},"10":{"start":{"line":17,"column":8},"end":{"line":37,"column":9}},"11":{"start":{"line":18,"column":10},"end":{"line":18,"column":null}},"12":{"start":{"line":25,"column":10},"end":{"line":36,"column":11}},"13":{"start":{"line":26,"column":12},"end":{"line":26,"column":null}},"14":{"start":{"line":32,"column":12},"end":{"line":32,"column":null}},"15":{"start":{"line":43,"column":15},"end":{"line":43,"column":28}}},"fnMap":{"0":{"name":"(anonymous_0)","decl":{"start":{"line":5,"column":22},"end":{"line":5,"column":23}},"loc":{"start":{"line":5,"column":64},"end":{"line":41,"column":1}}},"1":{"name":"(anonymous_1)","decl":{"start":{"line":8,"column":15},"end":{"line":8,"column":16}},"loc":{"start":{"line":8,"column":24},"end":{"line":40,"column":3}}},"2":{"name":"(anonymous_2)","decl":{"start":{"line":9,"column":19},"end":{"line":9,"column":25}},"loc":{"start":{"line":9,"column":25},"end":{"line":39,"column":5}}},"3":{"name":"(anonymous_3)","decl":{"start":{"line":11,"column":23},"end":{"line":11,"column":24}},"loc":{"start":{"line":11,"column":36},"end":{"line":38,"column":7}}}},"branchMap":{"0":{"loc":{"start":{"line":14,"column":8},"end":{"line":16,"column":9}},"type":"if","locations":[{"start":{"line":14,"column":8},"end":{"line":16,"column":9}}]},"1":{"loc":{"start":{"line":17,"column":8},"end":{"line":37,"column":9}},"type":"if","locations":[{"start":{"line":17,"column":8},"end":{"line":37,"column":9}},{"start":{"line":23,"column":15},"end":{"line":37,"column":9}}]},"2":{"loc":{"start":{"line":17,"column":12},"end":{"line":17,"column":72}},"type":"binary-expr","locations":[{"start":{"line":17,"column":12},"end":{"line":17,"column":42}},{"start":{"line":17,"column":42},"end":{"line":17,"column":72}}]},"3":{"loc":{"start":{"line":25,"column":10},"end":{"line":36,"column":11}},"type":"if","locations":[{"start":{"line":25,"column":10},"end":{"line":36,"column":11}},{"start":{"line":31,"column":17},"end":{"line":36,"column":11}}]}},"s":{"0":10,"1":10,"2":10,"3":302,"4":302,"5":302,"6":1423,"7":1423,"8":1423,"9":0,"10":1423,"11":760,"12":663,"13":389,"14":274,"15":10},"f":{"0":10,"1":302,"2":302,"3":1423},"b":{"0":[0],"1":[760,663],"2":[1423,760],"3":[389,274]}}
,"D:\\Sources\\vma-grid\\test\\formula\\unit\\formulas\\date\\testcase.ts": {"path":"D:\\Sources\\vma-grid\\test\\formula\\unit\\formulas\\date\\testcase.ts","statementMap":{"0":{"start":{"line":1,"column":68},"end":{"line":1,"column":null}},"1":{"start":{"line":3,"column":17},"end":{"line":250,"column":1}},"2":{"start":{"line":252,"column":15},"end":{"line":252,"column":23}}},"fnMap":{},"branchMap":{},"s":{"0":1,"1":1,"2":1},"f":{},"b":{}}
,"D:\\Sources\\vma-grid\\test\\formula\\unit\\formulas\\engineering\\testcase.ts": {"path":"D:\\Sources\\vma-grid\\test\\formula\\unit\\formulas\\engineering\\testcase.ts","statementMap":{"0":{"start":{"line":1,"column":68},"end":{"line":1,"column":null}},"1":{"start":{"line":3,"column":17},"end":{"line":547,"column":1}},"2":{"start":{"line":549,"column":15},"end":{"line":549,"column":23}}},"fnMap":{},"branchMap":{},"s":{"0":1,"1":1,"2":1},"f":{},"b":{}}
,"D:\\Sources\\vma-grid\\test\\formula\\unit\\formulas\\information\\testcase.ts": {"path":"D:\\Sources\\vma-grid\\test\\formula\\unit\\formulas\\information\\testcase.ts","statementMap":{"0":{"start":{"line":1,"column":68},"end":{"line":1,"column":null}},"1":{"start":{"line":3,"column":17},"end":{"line":104,"column":1}},"2":{"start":{"line":106,"column":15},"end":{"line":106,"column":23}}},"fnMap":{},"branchMap":{},"s":{"0":1,"1":1,"2":1},"f":{},"b":{}}
,"D:\\Sources\\vma-grid\\test\\formula\\unit\\formulas\\logical\\testcase.ts": {"path":"D:\\Sources\\vma-grid\\test\\formula\\unit\\formulas\\logical\\testcase.ts","statementMap":{"0":{"start":{"line":1,"column":68},"end":{"line":1,"column":null}},"1":{"start":{"line":3,"column":17},"end":{"line":61,"column":1}},"2":{"start":{"line":63,"column":15},"end":{"line":63,"column":23}}},"fnMap":{},"branchMap":{},"s":{"0":1,"1":1,"2":1},"f":{},"b":{}}
,"D:\\Sources\\vma-grid\\test\\formula\\unit\\formulas\\math\\testcase.ts": {"path":"D:\\Sources\\vma-grid\\test\\formula\\unit\\formulas\\math\\testcase.ts","statementMap":{"0":{"start":{"line":1,"column":68},"end":{"line":1,"column":null}},"1":{"start":{"line":3,"column":17},"end":{"line":442,"column":1}},"2":{"start":{"line":444,"column":15},"end":{"line":444,"column":23}}},"fnMap":{},"branchMap":{},"s":{"0":1,"1":1,"2":1},"f":{},"b":{}}
,"D:\\Sources\\vma-grid\\test\\formula\\unit\\formulas\\reference\\testcase.ts": {"path":"D:\\Sources\\vma-grid\\test\\formula\\unit\\formulas\\reference\\testcase.ts","statementMap":{"0":{"start":{"line":1,"column":68},"end":{"line":1,"column":null}},"1":{"start":{"line":3,"column":17},"end":{"line":147,"column":1}},"2":{"start":{"line":149,"column":15},"end":{"line":149,"column":23}}},"fnMap":{},"branchMap":{},"s":{"0":1,"1":1,"2":1},"f":{},"b":{}}
,"D:\\Sources\\vma-grid\\test\\formula\\unit\\formulas\\statistical\\testcase.ts": {"path":"D:\\Sources\\vma-grid\\test\\formula\\unit\\formulas\\statistical\\testcase.ts","statementMap":{"0":{"start":{"line":1,"column":68},"end":{"line":1,"column":null}},"1":{"start":{"line":3,"column":14},"end":{"line":68,"column":1}},"2":{"start":{"line":70,"column":17},"end":{"line":539,"column":1}},"3":{"start":{"line":541,"column":0},"end":{"line":541,"column":null}},"4":{"start":{"line":543,"column":15},"end":{"line":543,"column":23}}},"fnMap":{},"branchMap":{},"s":{"0":1,"1":1,"2":1,"3":1,"4":1},"f":{},"b":{}}
,"D:\\Sources\\vma-grid\\test\\formula\\unit\\formulas\\text\\testcase.ts": {"path":"D:\\Sources\\vma-grid\\test\\formula\\unit\\formulas\\text\\testcase.ts","statementMap":{"0":{"start":{"line":1,"column":68},"end":{"line":1,"column":null}},"1":{"start":{"line":3,"column":17},"end":{"line":168,"column":1}},"2":{"start":{"line":170,"column":15},"end":{"line":170,"column":23}}},"fnMap":{},"branchMap":{},"s":{"0":1,"1":1,"2":1},"f":{},"b":{}}
,"D:\\Sources\\vma-grid\\test\\formula\\unit\\formulas\\trigonometry\\testcase.ts": {"path":"D:\\Sources\\vma-grid\\test\\formula\\unit\\formulas\\trigonometry\\testcase.ts","statementMap":{"0":{"start":{"line":1,"column":68},"end":{"line":1,"column":null}},"1":{"start":{"line":3,"column":17},"end":{"line":148,"column":1}},"2":{"start":{"line":150,"column":15},"end":{"line":150,"column":23}}},"fnMap":{},"branchMap":{},"s":{"0":1,"1":1,"2":1},"f":{},"b":{}}
,"D:\\Sources\\vma-grid\\test\\formula\\unit\\formulas\\web\\testcase.ts": {"path":"D:\\Sources\\vma-grid\\test\\formula\\unit\\formulas\\web\\testcase.ts","statementMap":{"0":{"start":{"line":1,"column":68},"end":{"line":1,"column":null}},"1":{"start":{"line":3,"column":17},"end":{"line":11,"column":1}},"2":{"start":{"line":13,"column":15},"end":{"line":13,"column":23}}},"fnMap":{},"branchMap":{},"s":{"0":1,"1":1,"2":1},"f":{},"b":{}}
}
